<?xml version="1.0" encoding="UTF-8"?>
<testsuite name="tech.threecrabs.IndexTest" tests="6" skipped="0" failures="6" errors="0" timestamp="2020-12-03T15:00:23" hostname="vladimir-HP-Notebook" time="1.088">
  <properties/>
  <testcase name="существует" classname="tech.threecrabs.IndexTest" time="0.854">
    <failure message="org.opentest4j.AssertionFailedError: expected:&lt;OK&gt; but was:&lt;NOT_FOUND&gt;" type="org.opentest4j.AssertionFailedError">org.opentest4j.AssertionFailedError: expected:&lt;OK&gt; but was:&lt;NOT_FOUND&gt;
	at tech.threecrabs.IndexTest$1$1.invokeSuspend(IndexTest.kt:20)
	at tech.threecrabs.IndexTest$1$1.invoke(IndexTest.kt)
	at io.kotest.core.internal.ExecutionsKt$executeWithBehaviours$2$1.invokeSuspend(executions.kt:13)
	at io.kotest.core.internal.ExecutionsKt$executeWithBehaviours$2$1.invoke(executions.kt)
	at io.kotest.core.internal.ExecutionsKt.wrapTestWithGlobalAssert(executions.kt:39)
	at io.kotest.core.internal.ExecutionsKt$executeWithBehaviours$2.invokeSuspend(executions.kt:12)
	at io.kotest.core.internal.ExecutionsKt$executeWithBehaviours$2.invoke(executions.kt)
	at io.kotest.core.internal.ExecutionsKt.wrapTestWithAssertionModeCheck(executions.kt:23)
	at io.kotest.core.internal.ExecutionsKt.executeWithBehaviours(executions.kt:11)
	at io.kotest.core.internal.TestCaseExecutor$executeAndWait$2$1$1$3$1.invokeSuspend(TestCaseExecutor.kt:222)
	at io.kotest.core.internal.TestCaseExecutor$executeAndWait$2$1$1$3$1.invoke(TestCaseExecutor.kt)
	at kotlinx.coroutines.intrinsics.UndispatchedKt.startUndispatchedOrReturn(Undispatched.kt:91)
	at kotlinx.coroutines.CoroutineScopeKt.coroutineScope(CoroutineScope.kt:194)
	at io.kotest.core.internal.TestCaseExecutor$executeAndWait$2$1$1$3.invokeSuspend(TestCaseExecutor.kt:216)
	at io.kotest.core.internal.TestCaseExecutor$executeAndWait$2$1$1$3.invoke(TestCaseExecutor.kt)
	at io.kotest.mpp.ReplayKt.replay(replay.kt:18)
	at io.kotest.core.internal.TestCaseExecutor$executeAndWait$2$1$1.invokeSuspend(TestCaseExecutor.kt:211)
	at io.kotest.core.internal.TestCaseExecutor$executeAndWait$2$1$1.invoke(TestCaseExecutor.kt)
	at kotlinx.coroutines.intrinsics.UndispatchedKt.startUndispatchedOrReturnIgnoreTimeout(Undispatched.kt:102)
	at kotlinx.coroutines.TimeoutKt.setupTimeout(Timeout.kt:120)
	at kotlinx.coroutines.TimeoutKt.withTimeout(Timeout.kt:37)
	at io.kotest.core.internal.TestCaseExecutor$executeAndWait$2$1.invokeSuspend(TestCaseExecutor.kt:210)
	at io.kotest.core.internal.TestCaseExecutor$executeAndWait$2$1.invoke(TestCaseExecutor.kt)
	at io.kotest.engine.ExecutorExecutionContext$executeWithTimeoutInterruption$$inlined$suspendCoroutine$lambda$2.invokeSuspend(ExecutorExecutionContext.kt:56)
	at kotlin.coroutines.jvm.internal.BaseContinuationImpl.resumeWith(ContinuationImpl.kt:33)
	at kotlinx.coroutines.DispatchedTask.run(DispatchedTask.kt:56)
	at kotlinx.coroutines.EventLoopImplBase.processNextEvent(EventLoop.common.kt:274)
	at kotlinx.coroutines.BlockingCoroutine.joinBlocking(Builders.kt:84)
	at kotlinx.coroutines.BuildersKt__BuildersKt.runBlocking(Builders.kt:59)
	at kotlinx.coroutines.BuildersKt.runBlocking(Unknown Source)
	at io.kotest.engine.ExecutorExecutionContext.executeWithTimeoutInterruption(ExecutorExecutionContext.kt:55)
	at io.kotest.core.internal.TestCaseExecutor$executeAndWait$2.invokeSuspend(TestCaseExecutor.kt:209)
	at io.kotest.core.internal.TestCaseExecutor$executeAndWait$2.invoke(TestCaseExecutor.kt)
	at kotlinx.coroutines.intrinsics.UndispatchedKt.startUndispatchedOrReturnIgnoreTimeout(Undispatched.kt:102)
	at kotlinx.coroutines.TimeoutKt.setupTimeout(Timeout.kt:120)
	at kotlinx.coroutines.TimeoutKt.withTimeout(Timeout.kt:37)
	at io.kotest.core.internal.TestCaseExecutor.executeAndWait(TestCaseExecutor.kt:207)
	at io.kotest.core.internal.TestCaseExecutor.invokeTestCase(TestCaseExecutor.kt:176)
	at io.kotest.core.internal.TestCaseExecutor.executeActiveTest(TestCaseExecutor.kt:145)
	at io.kotest.core.internal.TestCaseExecutor$intercept$innerExecute$1$1.invokeSuspend(TestCaseExecutor.kt:83)
	at io.kotest.core.internal.TestCaseExecutor$intercept$innerExecute$1$1.invoke(TestCaseExecutor.kt)
	at io.kotest.core.internal.TestCaseExecutor.executeIfActive(TestCaseExecutor.kt:109)
	at io.kotest.core.internal.TestCaseExecutor$intercept$innerExecute$1.invokeSuspend(TestCaseExecutor.kt:83)
	at io.kotest.core.internal.TestCaseExecutor$intercept$innerExecute$1.invoke(TestCaseExecutor.kt)
	at io.kotest.core.internal.TestCaseExecutor$intercept$execute$1$1$1.invokeSuspend(TestCaseExecutor.kt:92)
	at io.kotest.core.internal.TestCaseExecutor$intercept$execute$1$1$1.invoke(TestCaseExecutor.kt)
	at io.micronaut.test.extensions.kotest.MicronautKotestExtension.intercept(MicronautKotestExtension.kt:43)
	at io.kotest.core.internal.TestCaseExecutor$intercept$execute$1$1.invokeSuspend(TestCaseExecutor.kt:88)
	at io.kotest.core.internal.TestCaseExecutor$intercept$execute$1$1.invoke(TestCaseExecutor.kt)
	at io.kotest.core.internal.TestCaseExecutor.intercept(TestCaseExecutor.kt:97)
	at io.kotest.core.internal.TestCaseExecutor.execute(TestCaseExecutor.kt:63)
	at io.kotest.engine.runners.SingleInstanceSpecRunner.runTest(SingleInstanceSpecRunner.kt:73)
	at io.kotest.engine.runners.SingleInstanceSpecRunner$Context.registerTestCase(SingleInstanceSpecRunner.kt:51)
	at io.kotest.core.test.TestContextWithCoroutineContext.registerTestCase(TestContext.kt)
	at io.kotest.core.internal.TestCaseExecutor$executeAndWait$2$1$1$3$1$contextp$1.registerTestCase(TestCaseExecutor.kt:219)
	at io.kotest.core.test.TestContext$DefaultImpls.registerTestCase(TestContext.kt:40)
	at io.kotest.core.internal.TestCaseExecutor$executeAndWait$2$1$1$3$1$contextp$1.registerTestCase(TestCaseExecutor.kt:217)
	at io.kotest.core.spec.style.scopes.ContainerScope$DefaultImpls.addTest(ContainerScope.kt:77)
	at io.kotest.core.spec.style.scopes.FeatureScope.addTest(FeatureScope.kt:25)
	at io.kotest.core.spec.style.scopes.ContainerScope$DefaultImpls.addContainerTest(ContainerScope.kt:56)
	at io.kotest.core.spec.style.scopes.FeatureScope.addContainerTest(FeatureScope.kt:25)
	at io.kotest.core.spec.style.scopes.FeatureScope.scenario(FeatureScope.kt:64)
	at tech.threecrabs.IndexTest$1.invokeSuspend(IndexTest.kt:19)
	at tech.threecrabs.IndexTest$1.invoke(IndexTest.kt)
	at io.kotest.core.spec.style.scopes.FeatureSpecRootScope$addFeature$1.invokeSuspend(FeatureSpecRootScope.kt:20)
	at io.kotest.core.spec.style.scopes.FeatureSpecRootScope$addFeature$1.invoke(FeatureSpecRootScope.kt)
	at io.kotest.core.internal.ExecutionsKt$executeWithBehaviours$2$1.invokeSuspend(executions.kt:13)
	at io.kotest.core.internal.ExecutionsKt$executeWithBehaviours$2$1.invoke(executions.kt)
	at io.kotest.core.internal.ExecutionsKt.wrapTestWithGlobalAssert(executions.kt:39)
	at io.kotest.core.internal.ExecutionsKt$executeWithBehaviours$2.invokeSuspend(executions.kt:12)
	at io.kotest.core.internal.ExecutionsKt$executeWithBehaviours$2.invoke(executions.kt)
	at io.kotest.core.internal.ExecutionsKt.wrapTestWithAssertionModeCheck(executions.kt:23)
	at io.kotest.core.internal.ExecutionsKt.executeWithBehaviours(executions.kt:11)
	at io.kotest.core.internal.TestCaseExecutor$executeAndWait$2$1$1$3$1.invokeSuspend(TestCaseExecutor.kt:222)
	at io.kotest.core.internal.TestCaseExecutor$executeAndWait$2$1$1$3$1.invoke(TestCaseExecutor.kt)
	at kotlinx.coroutines.intrinsics.UndispatchedKt.startUndispatchedOrReturn(Undispatched.kt:91)
	at kotlinx.coroutines.CoroutineScopeKt.coroutineScope(CoroutineScope.kt:194)
	at io.kotest.core.internal.TestCaseExecutor$executeAndWait$2$1$1$3.invokeSuspend(TestCaseExecutor.kt:216)
	at io.kotest.core.internal.TestCaseExecutor$executeAndWait$2$1$1$3.invoke(TestCaseExecutor.kt)
	at io.kotest.mpp.ReplayKt.replay(replay.kt:18)
	at io.kotest.core.internal.TestCaseExecutor$executeAndWait$2$1$1.invokeSuspend(TestCaseExecutor.kt:211)
	at io.kotest.core.internal.TestCaseExecutor$executeAndWait$2$1$1.invoke(TestCaseExecutor.kt)
	at kotlinx.coroutines.intrinsics.UndispatchedKt.startUndispatchedOrReturnIgnoreTimeout(Undispatched.kt:102)
	at kotlinx.coroutines.TimeoutKt.setupTimeout(Timeout.kt:120)
	at kotlinx.coroutines.TimeoutKt.withTimeout(Timeout.kt:37)
	at io.kotest.core.internal.TestCaseExecutor$executeAndWait$2$1.invokeSuspend(TestCaseExecutor.kt:210)
	at io.kotest.core.internal.TestCaseExecutor$executeAndWait$2$1.invoke(TestCaseExecutor.kt)
	at io.kotest.engine.ExecutorExecutionContext$executeWithTimeoutInterruption$$inlined$suspendCoroutine$lambda$2.invokeSuspend(ExecutorExecutionContext.kt:56)
	at kotlin.coroutines.jvm.internal.BaseContinuationImpl.resumeWith(ContinuationImpl.kt:33)
	at kotlinx.coroutines.DispatchedTask.run(DispatchedTask.kt:56)
	at kotlinx.coroutines.EventLoopImplBase.processNextEvent(EventLoop.common.kt:274)
	at kotlinx.coroutines.BlockingCoroutine.joinBlocking(Builders.kt:84)
	at kotlinx.coroutines.BuildersKt__BuildersKt.runBlocking(Builders.kt:59)
	at kotlinx.coroutines.BuildersKt.runBlocking(Unknown Source)
	at io.kotest.engine.ExecutorExecutionContext.executeWithTimeoutInterruption(ExecutorExecutionContext.kt:55)
	at io.kotest.core.internal.TestCaseExecutor$executeAndWait$2.invokeSuspend(TestCaseExecutor.kt:209)
	at io.kotest.core.internal.TestCaseExecutor$executeAndWait$2.invoke(TestCaseExecutor.kt)
	at kotlinx.coroutines.intrinsics.UndispatchedKt.startUndispatchedOrReturnIgnoreTimeout(Undispatched.kt:102)
	at kotlinx.coroutines.TimeoutKt.setupTimeout(Timeout.kt:120)
	at kotlinx.coroutines.TimeoutKt.withTimeout(Timeout.kt:37)
	at io.kotest.core.internal.TestCaseExecutor.executeAndWait(TestCaseExecutor.kt:207)
	at io.kotest.core.internal.TestCaseExecutor.invokeTestCase(TestCaseExecutor.kt:176)
	at io.kotest.core.internal.TestCaseExecutor.executeActiveTest(TestCaseExecutor.kt:145)
	at io.kotest.core.internal.TestCaseExecutor$intercept$innerExecute$1$1.invokeSuspend(TestCaseExecutor.kt:83)
	at io.kotest.core.internal.TestCaseExecutor$intercept$innerExecute$1$1.invoke(TestCaseExecutor.kt)
	at io.kotest.core.internal.TestCaseExecutor.executeIfActive(TestCaseExecutor.kt:109)
	at io.kotest.core.internal.TestCaseExecutor$intercept$innerExecute$1.invokeSuspend(TestCaseExecutor.kt:83)
	at io.kotest.core.internal.TestCaseExecutor$intercept$innerExecute$1.invoke(TestCaseExecutor.kt)
	at io.kotest.core.internal.TestCaseExecutor$intercept$execute$1$1$1.invokeSuspend(TestCaseExecutor.kt:92)
	at io.kotest.core.internal.TestCaseExecutor$intercept$execute$1$1$1.invoke(TestCaseExecutor.kt)
	at io.micronaut.test.extensions.kotest.MicronautKotestExtension.intercept(MicronautKotestExtension.kt:43)
	at io.kotest.core.internal.TestCaseExecutor$intercept$execute$1$1.invokeSuspend(TestCaseExecutor.kt:88)
	at io.kotest.core.internal.TestCaseExecutor$intercept$execute$1$1.invoke(TestCaseExecutor.kt)
	at io.kotest.core.internal.TestCaseExecutor.intercept(TestCaseExecutor.kt:97)
	at io.kotest.core.internal.TestCaseExecutor.execute(TestCaseExecutor.kt:63)
	at io.kotest.engine.runners.SingleInstanceSpecRunner.runTest(SingleInstanceSpecRunner.kt:73)
	at io.kotest.engine.runners.SingleInstanceSpecRunner$execute$2$invokeSuspend$$inlined$invoke$lambda$1.invokeSuspend(SingleInstanceSpecRunner.kt:83)
	at io.kotest.engine.runners.SingleInstanceSpecRunner$execute$2$invokeSuspend$$inlined$invoke$lambda$1.invoke(SingleInstanceSpecRunner.kt)
	at io.kotest.engine.spec.SpecRunner$runParallel$$inlined$map$lambda$2$1.invokeSuspend(SpecRunner.kt:80)
	at kotlin.coroutines.jvm.internal.BaseContinuationImpl.resumeWith(ContinuationImpl.kt:33)
	at kotlinx.coroutines.DispatchedTask.run(DispatchedTask.kt:56)
	at kotlinx.coroutines.EventLoopImplBase.processNextEvent(EventLoop.common.kt:274)
	at kotlinx.coroutines.BlockingCoroutine.joinBlocking(Builders.kt:84)
	at kotlinx.coroutines.BuildersKt__BuildersKt.runBlocking(Builders.kt:59)
	at kotlinx.coroutines.BuildersKt.runBlocking(Unknown Source)
	at kotlinx.coroutines.BuildersKt__BuildersKt.runBlocking$default(Builders.kt:38)
	at kotlinx.coroutines.BuildersKt.runBlocking$default(Unknown Source)
	at io.kotest.engine.spec.SpecRunner$runParallel$$inlined$map$lambda$2.run(SpecRunner.kt:79)
	at java.base/java.util.concurrent.Executors$RunnableAdapter.call(Executors.java:515)
	at java.base/java.util.concurrent.FutureTask.run(FutureTask.java:264)
	at java.base/java.util.concurrent.ThreadPoolExecutor.runWorker(ThreadPoolExecutor.java:1128)
	at java.base/java.util.concurrent.ThreadPoolExecutor$Worker.run(ThreadPoolExecutor.java:628)
	at java.base/java.lang.Thread.run(Thread.java:834)
</failure>
  </testcase>
  <testcase name="тело ответа не пустое" classname="tech.threecrabs.IndexTest" time="0.066">
    <failure message="java.lang.AssertionError: Expected value to be null, but was not-null." type="java.lang.AssertionError">java.lang.AssertionError: Expected value to be null, but was not-null.
	at tech.threecrabs.IndexTest$1$2.invokeSuspend(IndexTest.kt:24)
	at tech.threecrabs.IndexTest$1$2.invoke(IndexTest.kt)
	at io.kotest.core.internal.ExecutionsKt$executeWithBehaviours$2$1.invokeSuspend(executions.kt:13)
	at io.kotest.core.internal.ExecutionsKt$executeWithBehaviours$2$1.invoke(executions.kt)
	at io.kotest.core.internal.ExecutionsKt.wrapTestWithGlobalAssert(executions.kt:39)
	at io.kotest.core.internal.ExecutionsKt$executeWithBehaviours$2.invokeSuspend(executions.kt:12)
	at io.kotest.core.internal.ExecutionsKt$executeWithBehaviours$2.invoke(executions.kt)
	at io.kotest.core.internal.ExecutionsKt.wrapTestWithAssertionModeCheck(executions.kt:23)
	at io.kotest.core.internal.ExecutionsKt.executeWithBehaviours(executions.kt:11)
	at io.kotest.core.internal.TestCaseExecutor$executeAndWait$2$1$1$3$1.invokeSuspend(TestCaseExecutor.kt:222)
	at io.kotest.core.internal.TestCaseExecutor$executeAndWait$2$1$1$3$1.invoke(TestCaseExecutor.kt)
	at kotlinx.coroutines.intrinsics.UndispatchedKt.startUndispatchedOrReturn(Undispatched.kt:91)
	at kotlinx.coroutines.CoroutineScopeKt.coroutineScope(CoroutineScope.kt:194)
	at io.kotest.core.internal.TestCaseExecutor$executeAndWait$2$1$1$3.invokeSuspend(TestCaseExecutor.kt:216)
	at io.kotest.core.internal.TestCaseExecutor$executeAndWait$2$1$1$3.invoke(TestCaseExecutor.kt)
	at io.kotest.mpp.ReplayKt.replay(replay.kt:18)
	at io.kotest.core.internal.TestCaseExecutor$executeAndWait$2$1$1.invokeSuspend(TestCaseExecutor.kt:211)
	at io.kotest.core.internal.TestCaseExecutor$executeAndWait$2$1$1.invoke(TestCaseExecutor.kt)
	at kotlinx.coroutines.intrinsics.UndispatchedKt.startUndispatchedOrReturnIgnoreTimeout(Undispatched.kt:102)
	at kotlinx.coroutines.TimeoutKt.setupTimeout(Timeout.kt:120)
	at kotlinx.coroutines.TimeoutKt.withTimeout(Timeout.kt:37)
	at io.kotest.core.internal.TestCaseExecutor$executeAndWait$2$1.invokeSuspend(TestCaseExecutor.kt:210)
	at io.kotest.core.internal.TestCaseExecutor$executeAndWait$2$1.invoke(TestCaseExecutor.kt)
	at io.kotest.engine.ExecutorExecutionContext$executeWithTimeoutInterruption$$inlined$suspendCoroutine$lambda$2.invokeSuspend(ExecutorExecutionContext.kt:56)
	at ???(Coroutine boundary.?(?)
	at io.kotest.core.internal.TestCaseExecutor$executeAndWait$2$1$1$3.invokeSuspend(TestCaseExecutor.kt:216)
	at io.kotest.mpp.ReplayKt.replay(replay.kt:18)
	at io.kotest.core.internal.TestCaseExecutor$executeAndWait$2$1$1.invokeSuspend(TestCaseExecutor.kt:215)
	at io.kotest.core.internal.TestCaseExecutor$executeAndWait$2$1.invokeSuspend(TestCaseExecutor.kt:210)
	at ???(Coroutine creation stacktrace.?(?)
	at kotlin.coroutines.intrinsics.IntrinsicsKt__IntrinsicsJvmKt.createCoroutineUnintercepted(IntrinsicsJvm.kt:122)
	at kotlinx.coroutines.intrinsics.CancellableKt.startCoroutineCancellable(Cancellable.kt:26)
	at kotlinx.coroutines.BuildersKt.runBlocking(Unknown Source)
	at io.kotest.engine.ExecutorExecutionContext.executeWithTimeoutInterruption(ExecutorExecutionContext.kt:55)
	at io.kotest.core.internal.TestCaseExecutor$executeAndWait$2.invokeSuspend(TestCaseExecutor.kt:209)
	at io.kotest.core.internal.TestCaseExecutor$executeAndWait$2.invoke(TestCaseExecutor.kt)
	at kotlinx.coroutines.intrinsics.UndispatchedKt.startUndispatchedOrReturnIgnoreTimeout(Undispatched.kt:102)
	at kotlinx.coroutines.TimeoutKt.withTimeout(Timeout.kt:37)
	at io.kotest.core.internal.TestCaseExecutor.executeAndWait(TestCaseExecutor.kt:207)
	at io.kotest.core.internal.TestCaseExecutor.invokeTestCase(TestCaseExecutor.kt:176)
	at io.kotest.core.internal.TestCaseExecutor.executeActiveTest(TestCaseExecutor.kt:145)
	at io.kotest.core.internal.TestCaseExecutor$intercept$innerExecute$1$1.invokeSuspend(TestCaseExecutor.kt:83)
	at io.kotest.core.internal.TestCaseExecutor$intercept$innerExecute$1$1.invoke(TestCaseExecutor.kt)
	at io.kotest.core.internal.TestCaseExecutor.executeIfActive(TestCaseExecutor.kt:109)
	at io.kotest.core.internal.TestCaseExecutor$intercept$innerExecute$1.invokeSuspend(TestCaseExecutor.kt:83)
	at io.kotest.core.internal.TestCaseExecutor$intercept$innerExecute$1.invoke(TestCaseExecutor.kt)
	at io.kotest.core.internal.TestCaseExecutor$intercept$execute$1$1$1.invokeSuspend(TestCaseExecutor.kt:92)
	at io.kotest.core.internal.TestCaseExecutor$intercept$execute$1$1$1.invoke(TestCaseExecutor.kt)
	at io.micronaut.test.extensions.kotest.MicronautKotestExtension.intercept(MicronautKotestExtension.kt:43)
	at io.kotest.core.internal.TestCaseExecutor$intercept$execute$1$1.invokeSuspend(TestCaseExecutor.kt:88)
	at io.kotest.core.internal.TestCaseExecutor$intercept$execute$1$1.invoke(TestCaseExecutor.kt)
	at io.kotest.core.internal.TestCaseExecutor.intercept(TestCaseExecutor.kt:97)
	at io.kotest.core.internal.TestCaseExecutor.execute(TestCaseExecutor.kt:63)
	at io.kotest.engine.runners.SingleInstanceSpecRunner.runTest(SingleInstanceSpecRunner.kt:73)
	at io.kotest.engine.runners.SingleInstanceSpecRunner$Context.registerTestCase(SingleInstanceSpecRunner.kt:51)
	at io.kotest.core.test.TestContextWithCoroutineContext.registerTestCase(TestContext.kt)
	at io.kotest.core.internal.TestCaseExecutor$executeAndWait$2$1$1$3$1$contextp$1.registerTestCase(TestCaseExecutor.kt:219)
	at io.kotest.core.test.TestContext$DefaultImpls.registerTestCase(TestContext.kt:40)
	at io.kotest.core.internal.TestCaseExecutor$executeAndWait$2$1$1$3$1$contextp$1.registerTestCase(TestCaseExecutor.kt:217)
	at io.kotest.core.spec.style.scopes.ContainerScope$DefaultImpls.addTest(ContainerScope.kt:77)
	at io.kotest.core.spec.style.scopes.FeatureScope.addTest(FeatureScope.kt:25)
	at io.kotest.core.spec.style.scopes.ContainerScope$DefaultImpls.addContainerTest(ContainerScope.kt:56)
	at io.kotest.core.spec.style.scopes.FeatureScope.addContainerTest(FeatureScope.kt:25)
	at io.kotest.core.spec.style.scopes.FeatureScope.scenario(FeatureScope.kt:64)
	at tech.threecrabs.IndexTest$1.invokeSuspend(IndexTest.kt:23)
	at tech.threecrabs.IndexTest$1.invoke(IndexTest.kt)
	at io.kotest.core.spec.style.scopes.FeatureSpecRootScope$addFeature$1.invokeSuspend(FeatureSpecRootScope.kt:20)
	at io.kotest.core.spec.style.scopes.FeatureSpecRootScope$addFeature$1.invoke(FeatureSpecRootScope.kt)
	at io.kotest.core.internal.ExecutionsKt$executeWithBehaviours$2$1.invokeSuspend(executions.kt:13)
	at io.kotest.core.internal.ExecutionsKt$executeWithBehaviours$2$1.invoke(executions.kt)
	at io.kotest.core.internal.ExecutionsKt.wrapTestWithGlobalAssert(executions.kt:39)
	at io.kotest.core.internal.ExecutionsKt$executeWithBehaviours$2.invokeSuspend(executions.kt:12)
	at io.kotest.core.internal.ExecutionsKt$executeWithBehaviours$2.invoke(executions.kt)
	at io.kotest.core.internal.ExecutionsKt.wrapTestWithAssertionModeCheck(executions.kt:23)
	at io.kotest.core.internal.ExecutionsKt.executeWithBehaviours(executions.kt:11)
	at io.kotest.core.internal.TestCaseExecutor$executeAndWait$2$1$1$3$1.invokeSuspend(TestCaseExecutor.kt:222)
	at io.kotest.core.internal.TestCaseExecutor$executeAndWait$2$1$1$3$1.invoke(TestCaseExecutor.kt)
	at kotlinx.coroutines.intrinsics.UndispatchedKt.startUndispatchedOrReturn(Undispatched.kt:91)
	at kotlinx.coroutines.CoroutineScopeKt.coroutineScope(CoroutineScope.kt:194)
	at io.kotest.core.internal.TestCaseExecutor$executeAndWait$2$1$1$3.invokeSuspend(TestCaseExecutor.kt:216)
	at io.kotest.core.internal.TestCaseExecutor$executeAndWait$2$1$1$3.invoke(TestCaseExecutor.kt)
	at io.kotest.mpp.ReplayKt.replay(replay.kt:18)
	at io.kotest.core.internal.TestCaseExecutor$executeAndWait$2$1$1.invokeSuspend(TestCaseExecutor.kt:211)
	at io.kotest.core.internal.TestCaseExecutor$executeAndWait$2$1$1.invoke(TestCaseExecutor.kt)
	at kotlinx.coroutines.intrinsics.UndispatchedKt.startUndispatchedOrReturnIgnoreTimeout(Undispatched.kt:102)
	at kotlinx.coroutines.TimeoutKt.withTimeout(Timeout.kt:37)
	at io.kotest.core.internal.TestCaseExecutor$executeAndWait$2$1.invokeSuspend(TestCaseExecutor.kt:210)
	at io.kotest.core.internal.TestCaseExecutor$executeAndWait$2$1.invoke(TestCaseExecutor.kt)
	at io.kotest.engine.ExecutorExecutionContext$executeWithTimeoutInterruption$$inlined$suspendCoroutine$lambda$2.invokeSuspend(ExecutorExecutionContext.kt:56)
	at kotlin.coroutines.jvm.internal.BaseContinuationImpl.resumeWith(ContinuationImpl.kt:33)
	at kotlinx.coroutines.DispatchedTask.run(DispatchedTask.kt:56)
	at kotlinx.coroutines.BuildersKt.runBlocking(Unknown Source)
	at io.kotest.engine.ExecutorExecutionContext.executeWithTimeoutInterruption(ExecutorExecutionContext.kt:55)
	at io.kotest.core.internal.TestCaseExecutor$executeAndWait$2.invokeSuspend(TestCaseExecutor.kt:209)
	at io.kotest.core.internal.TestCaseExecutor$executeAndWait$2.invoke(TestCaseExecutor.kt)
	at kotlinx.coroutines.intrinsics.UndispatchedKt.startUndispatchedOrReturnIgnoreTimeout(Undispatched.kt:102)
	at kotlinx.coroutines.TimeoutKt.withTimeout(Timeout.kt:37)
	at io.kotest.core.internal.TestCaseExecutor.executeAndWait(TestCaseExecutor.kt:207)
	at io.kotest.core.internal.TestCaseExecutor.invokeTestCase(TestCaseExecutor.kt:176)
	at io.kotest.core.internal.TestCaseExecutor.executeActiveTest(TestCaseExecutor.kt:145)
	at io.kotest.core.internal.TestCaseExecutor$intercept$innerExecute$1$1.invokeSuspend(TestCaseExecutor.kt:83)
	at io.kotest.core.internal.TestCaseExecutor$intercept$innerExecute$1$1.invoke(TestCaseExecutor.kt)
	at io.kotest.core.internal.TestCaseExecutor.executeIfActive(TestCaseExecutor.kt:109)
	at io.kotest.core.internal.TestCaseExecutor$intercept$innerExecute$1.invokeSuspend(TestCaseExecutor.kt:83)
	at io.kotest.core.internal.TestCaseExecutor$intercept$innerExecute$1.invoke(TestCaseExecutor.kt)
	at io.kotest.core.internal.TestCaseExecutor$intercept$execute$1$1$1.invokeSuspend(TestCaseExecutor.kt:92)
	at io.kotest.core.internal.TestCaseExecutor$intercept$execute$1$1$1.invoke(TestCaseExecutor.kt)
	at io.micronaut.test.extensions.kotest.MicronautKotestExtension.intercept(MicronautKotestExtension.kt:43)
	at io.kotest.core.internal.TestCaseExecutor$intercept$execute$1$1.invokeSuspend(TestCaseExecutor.kt:88)
	at io.kotest.core.internal.TestCaseExecutor$intercept$execute$1$1.invoke(TestCaseExecutor.kt)
	at io.kotest.core.internal.TestCaseExecutor.intercept(TestCaseExecutor.kt:97)
	at io.kotest.core.internal.TestCaseExecutor.execute(TestCaseExecutor.kt:63)
	at io.kotest.engine.runners.SingleInstanceSpecRunner.runTest(SingleInstanceSpecRunner.kt:73)
	at io.kotest.engine.runners.SingleInstanceSpecRunner$execute$2$invokeSuspend$$inlined$invoke$lambda$1.invokeSuspend(SingleInstanceSpecRunner.kt:83)
	at io.kotest.engine.runners.SingleInstanceSpecRunner$execute$2$invokeSuspend$$inlined$invoke$lambda$1.invoke(SingleInstanceSpecRunner.kt)
	at io.kotest.engine.spec.SpecRunner$runParallel$$inlined$map$lambda$2$1.invokeSuspend(SpecRunner.kt:80)
	at kotlin.coroutines.jvm.internal.BaseContinuationImpl.resumeWith(ContinuationImpl.kt:33)
	at kotlinx.coroutines.DispatchedTask.run(DispatchedTask.kt:56)
	at kotlinx.coroutines.BuildersKt.runBlocking$default(Unknown Source)
	at io.kotest.engine.spec.SpecRunner$runParallel$$inlined$map$lambda$2.run(SpecRunner.kt:79)
	at java.base/java.util.concurrent.Executors$RunnableAdapter.call(Executors.java:515)
	at java.base/java.util.concurrent.FutureTask.run(FutureTask.java:264)
	at java.base/java.util.concurrent.ThreadPoolExecutor.runWorker(ThreadPoolExecutor.java:1128)
	at java.base/java.util.concurrent.ThreadPoolExecutor$Worker.run(ThreadPoolExecutor.java:628)
	at java.base/java.lang.Thread.run(Thread.java:834)
	at io.kotest.core.internal.TestCaseExecutor.executeAndWait(TestCaseExecutor.kt:207)
	at io.kotest.core.internal.TestCaseExecutor.invokeTestCase(TestCaseExecutor.kt:176)
	at io.kotest.core.internal.TestCaseExecutor.executeActiveTest(TestCaseExecutor.kt:145)
	at io.kotest.core.internal.TestCaseExecutor$intercept$innerExecute$1$1.invokeSuspend(TestCaseExecutor.kt:83)
	at io.kotest.core.internal.TestCaseExecutor.executeIfActive(TestCaseExecutor.kt:109)
	at io.kotest.core.internal.TestCaseExecutor$intercept$innerExecute$1.invokeSuspend(TestCaseExecutor.kt:83)
	at io.kotest.core.internal.TestCaseExecutor$intercept$execute$1$1$1.invokeSuspend(TestCaseExecutor.kt:92)
	at io.micronaut.test.extensions.kotest.MicronautKotestExtension.intercept(MicronautKotestExtension.kt:43)
	at io.kotest.core.internal.TestCaseExecutor$intercept$execute$1$1.invokeSuspend(TestCaseExecutor.kt:88)
	at io.kotest.core.internal.TestCaseExecutor.execute(TestCaseExecutor.kt:63)
	at io.kotest.engine.runners.SingleInstanceSpecRunner.runTest(SingleInstanceSpecRunner.kt:73)
	at tech.threecrabs.IndexTest$1.invokeSuspend(IndexTest.kt:23)
	at io.kotest.core.spec.style.scopes.FeatureSpecRootScope$addFeature$1.invokeSuspend(FeatureSpecRootScope.kt:20)
	at io.kotest.core.internal.ExecutionsKt$executeWithBehaviours$2$1.invokeSuspend(executions.kt:13)
	at io.kotest.core.internal.ExecutionsKt.wrapTestWithGlobalAssert(executions.kt:39)
	at io.kotest.core.internal.ExecutionsKt$executeWithBehaviours$2.invokeSuspend(executions.kt:12)
	at io.kotest.core.internal.ExecutionsKt.wrapTestWithAssertionModeCheck(executions.kt:23)
	at io.kotest.core.internal.TestCaseExecutor$executeAndWait$2$1$1$3$1.invokeSuspend(TestCaseExecutor.kt:222)
Caused by: java.lang.AssertionError: Expected value to be null, but was not-null.
	at tech.threecrabs.IndexTest$1$2.invokeSuspend(IndexTest.kt:24)
	at tech.threecrabs.IndexTest$1$2.invoke(IndexTest.kt)
	at io.kotest.core.internal.ExecutionsKt$executeWithBehaviours$2$1.invokeSuspend(executions.kt:13)
	at io.kotest.core.internal.ExecutionsKt$executeWithBehaviours$2$1.invoke(executions.kt)
	at io.kotest.core.internal.ExecutionsKt.wrapTestWithGlobalAssert(executions.kt:39)
	at io.kotest.core.internal.ExecutionsKt$executeWithBehaviours$2.invokeSuspend(executions.kt:12)
	at io.kotest.core.internal.ExecutionsKt$executeWithBehaviours$2.invoke(executions.kt)
	at io.kotest.core.internal.ExecutionsKt.wrapTestWithAssertionModeCheck(executions.kt:23)
	at io.kotest.core.internal.ExecutionsKt.executeWithBehaviours(executions.kt:11)
	at io.kotest.core.internal.TestCaseExecutor$executeAndWait$2$1$1$3$1.invokeSuspend(TestCaseExecutor.kt:222)
	at io.kotest.core.internal.TestCaseExecutor$executeAndWait$2$1$1$3$1.invoke(TestCaseExecutor.kt)
	at kotlinx.coroutines.intrinsics.UndispatchedKt.startUndispatchedOrReturn(Undispatched.kt:91)
	at kotlinx.coroutines.CoroutineScopeKt.coroutineScope(CoroutineScope.kt:194)
	at io.kotest.core.internal.TestCaseExecutor$executeAndWait$2$1$1$3.invokeSuspend(TestCaseExecutor.kt:216)
	at io.kotest.core.internal.TestCaseExecutor$executeAndWait$2$1$1$3.invoke(TestCaseExecutor.kt)
	at io.kotest.mpp.ReplayKt.replay(replay.kt:18)
	at io.kotest.core.internal.TestCaseExecutor$executeAndWait$2$1$1.invokeSuspend(TestCaseExecutor.kt:211)
	at io.kotest.core.internal.TestCaseExecutor$executeAndWait$2$1$1.invoke(TestCaseExecutor.kt)
	at kotlinx.coroutines.intrinsics.UndispatchedKt.startUndispatchedOrReturnIgnoreTimeout(Undispatched.kt:102)
	at kotlinx.coroutines.TimeoutKt.setupTimeout(Timeout.kt:120)
	at kotlinx.coroutines.TimeoutKt.withTimeout(Timeout.kt:37)
	at io.kotest.core.internal.TestCaseExecutor$executeAndWait$2$1.invokeSuspend(TestCaseExecutor.kt:210)
	at io.kotest.core.internal.TestCaseExecutor$executeAndWait$2$1.invoke(TestCaseExecutor.kt)
	at io.kotest.engine.ExecutorExecutionContext$executeWithTimeoutInterruption$$inlined$suspendCoroutine$lambda$2.invokeSuspend(ExecutorExecutionContext.kt:56)
	at kotlin.coroutines.jvm.internal.BaseContinuationImpl.resumeWith(ContinuationImpl.kt:33)
	at kotlinx.coroutines.DispatchedTask.run(DispatchedTask.kt:56)
	at kotlinx.coroutines.EventLoopImplBase.processNextEvent(EventLoop.common.kt:274)
	at kotlinx.coroutines.BlockingCoroutine.joinBlocking(Builders.kt:84)
	at kotlinx.coroutines.BuildersKt__BuildersKt.runBlocking(Builders.kt:59)
	at kotlinx.coroutines.BuildersKt.runBlocking(Unknown Source)
	at io.kotest.engine.ExecutorExecutionContext.executeWithTimeoutInterruption(ExecutorExecutionContext.kt:55)
	at io.kotest.core.internal.TestCaseExecutor$executeAndWait$2.invokeSuspend(TestCaseExecutor.kt:209)
	at io.kotest.core.internal.TestCaseExecutor$executeAndWait$2.invoke(TestCaseExecutor.kt)
	at kotlinx.coroutines.intrinsics.UndispatchedKt.startUndispatchedOrReturnIgnoreTimeout(Undispatched.kt:102)
	at kotlinx.coroutines.TimeoutKt.setupTimeout(Timeout.kt:120)
	at kotlinx.coroutines.TimeoutKt.withTimeout(Timeout.kt:37)
	at io.kotest.core.internal.TestCaseExecutor.executeAndWait(TestCaseExecutor.kt:207)
	at io.kotest.core.internal.TestCaseExecutor.invokeTestCase(TestCaseExecutor.kt:176)
	at io.kotest.core.internal.TestCaseExecutor.executeActiveTest(TestCaseExecutor.kt:145)
	at io.kotest.core.internal.TestCaseExecutor$intercept$innerExecute$1$1.invokeSuspend(TestCaseExecutor.kt:83)
	at io.kotest.core.internal.TestCaseExecutor$intercept$innerExecute$1$1.invoke(TestCaseExecutor.kt)
	at io.kotest.core.internal.TestCaseExecutor.executeIfActive(TestCaseExecutor.kt:109)
	at io.kotest.core.internal.TestCaseExecutor$intercept$innerExecute$1.invokeSuspend(TestCaseExecutor.kt:83)
	at io.kotest.core.internal.TestCaseExecutor$intercept$innerExecute$1.invoke(TestCaseExecutor.kt)
	at io.kotest.core.internal.TestCaseExecutor$intercept$execute$1$1$1.invokeSuspend(TestCaseExecutor.kt:92)
	at io.kotest.core.internal.TestCaseExecutor$intercept$execute$1$1$1.invoke(TestCaseExecutor.kt)
	at io.micronaut.test.extensions.kotest.MicronautKotestExtension.intercept(MicronautKotestExtension.kt:43)
	at io.kotest.core.internal.TestCaseExecutor$intercept$execute$1$1.invokeSuspend(TestCaseExecutor.kt:88)
	at io.kotest.core.internal.TestCaseExecutor$intercept$execute$1$1.invoke(TestCaseExecutor.kt)
	at io.kotest.core.internal.TestCaseExecutor.intercept(TestCaseExecutor.kt:97)
	at io.kotest.core.internal.TestCaseExecutor.execute(TestCaseExecutor.kt:63)
	at io.kotest.engine.runners.SingleInstanceSpecRunner.runTest(SingleInstanceSpecRunner.kt:73)
	at io.kotest.engine.runners.SingleInstanceSpecRunner$Context.registerTestCase(SingleInstanceSpecRunner.kt:51)
	at io.kotest.core.test.TestContextWithCoroutineContext.registerTestCase(TestContext.kt)
	at io.kotest.core.internal.TestCaseExecutor$executeAndWait$2$1$1$3$1$contextp$1.registerTestCase(TestCaseExecutor.kt:219)
	at io.kotest.core.test.TestContext$DefaultImpls.registerTestCase(TestContext.kt:40)
	at io.kotest.core.internal.TestCaseExecutor$executeAndWait$2$1$1$3$1$contextp$1.registerTestCase(TestCaseExecutor.kt:217)
	at io.kotest.core.spec.style.scopes.ContainerScope$DefaultImpls.addTest(ContainerScope.kt:77)
	at io.kotest.core.spec.style.scopes.FeatureScope.addTest(FeatureScope.kt:25)
	at io.kotest.core.spec.style.scopes.ContainerScope$DefaultImpls.addContainerTest(ContainerScope.kt:56)
	at io.kotest.core.spec.style.scopes.FeatureScope.addContainerTest(FeatureScope.kt:25)
	at io.kotest.core.spec.style.scopes.FeatureScope.scenario(FeatureScope.kt:64)
	at tech.threecrabs.IndexTest$1.invokeSuspend(IndexTest.kt:23)
	at tech.threecrabs.IndexTest$1.invoke(IndexTest.kt)
	at io.kotest.core.spec.style.scopes.FeatureSpecRootScope$addFeature$1.invokeSuspend(FeatureSpecRootScope.kt:20)
	at io.kotest.core.spec.style.scopes.FeatureSpecRootScope$addFeature$1.invoke(FeatureSpecRootScope.kt)
	at io.kotest.core.internal.ExecutionsKt$executeWithBehaviours$2$1.invokeSuspend(executions.kt:13)
	at io.kotest.core.internal.ExecutionsKt$executeWithBehaviours$2$1.invoke(executions.kt)
	at io.kotest.core.internal.ExecutionsKt.wrapTestWithGlobalAssert(executions.kt:39)
	at io.kotest.core.internal.ExecutionsKt$executeWithBehaviours$2.invokeSuspend(executions.kt:12)
	at io.kotest.core.internal.ExecutionsKt$executeWithBehaviours$2.invoke(executions.kt)
	at io.kotest.core.internal.ExecutionsKt.wrapTestWithAssertionModeCheck(executions.kt:23)
	at io.kotest.core.internal.ExecutionsKt.executeWithBehaviours(executions.kt:11)
	at io.kotest.core.internal.TestCaseExecutor$executeAndWait$2$1$1$3$1.invokeSuspend(TestCaseExecutor.kt:222)
	at io.kotest.core.internal.TestCaseExecutor$executeAndWait$2$1$1$3$1.invoke(TestCaseExecutor.kt)
	at kotlinx.coroutines.intrinsics.UndispatchedKt.startUndispatchedOrReturn(Undispatched.kt:91)
	at kotlinx.coroutines.CoroutineScopeKt.coroutineScope(CoroutineScope.kt:194)
	at io.kotest.core.internal.TestCaseExecutor$executeAndWait$2$1$1$3.invokeSuspend(TestCaseExecutor.kt:216)
	at io.kotest.core.internal.TestCaseExecutor$executeAndWait$2$1$1$3.invoke(TestCaseExecutor.kt)
	at io.kotest.mpp.ReplayKt.replay(replay.kt:18)
	at io.kotest.core.internal.TestCaseExecutor$executeAndWait$2$1$1.invokeSuspend(TestCaseExecutor.kt:211)
	at io.kotest.core.internal.TestCaseExecutor$executeAndWait$2$1$1.invoke(TestCaseExecutor.kt)
	at kotlinx.coroutines.intrinsics.UndispatchedKt.startUndispatchedOrReturnIgnoreTimeout(Undispatched.kt:102)
	at kotlinx.coroutines.TimeoutKt.setupTimeout(Timeout.kt:120)
	at kotlinx.coroutines.TimeoutKt.withTimeout(Timeout.kt:37)
	at io.kotest.core.internal.TestCaseExecutor$executeAndWait$2$1.invokeSuspend(TestCaseExecutor.kt:210)
	at io.kotest.core.internal.TestCaseExecutor$executeAndWait$2$1.invoke(TestCaseExecutor.kt)
	at io.kotest.engine.ExecutorExecutionContext$executeWithTimeoutInterruption$$inlined$suspendCoroutine$lambda$2.invokeSuspend(ExecutorExecutionContext.kt:56)
	at kotlin.coroutines.jvm.internal.BaseContinuationImpl.resumeWith(ContinuationImpl.kt:33)
	at kotlinx.coroutines.DispatchedTask.run(DispatchedTask.kt:56)
	at kotlinx.coroutines.EventLoopImplBase.processNextEvent(EventLoop.common.kt:274)
	at kotlinx.coroutines.BlockingCoroutine.joinBlocking(Builders.kt:84)
	at kotlinx.coroutines.BuildersKt__BuildersKt.runBlocking(Builders.kt:59)
	at kotlinx.coroutines.BuildersKt.runBlocking(Unknown Source)
	at io.kotest.engine.ExecutorExecutionContext.executeWithTimeoutInterruption(ExecutorExecutionContext.kt:55)
	at io.kotest.core.internal.TestCaseExecutor$executeAndWait$2.invokeSuspend(TestCaseExecutor.kt:209)
	at io.kotest.core.internal.TestCaseExecutor$executeAndWait$2.invoke(TestCaseExecutor.kt)
	at kotlinx.coroutines.intrinsics.UndispatchedKt.startUndispatchedOrReturnIgnoreTimeout(Undispatched.kt:102)
	at kotlinx.coroutines.TimeoutKt.setupTimeout(Timeout.kt:120)
	at kotlinx.coroutines.TimeoutKt.withTimeout(Timeout.kt:37)
	at io.kotest.core.internal.TestCaseExecutor.executeAndWait(TestCaseExecutor.kt:207)
	at io.kotest.core.internal.TestCaseExecutor.invokeTestCase(TestCaseExecutor.kt:176)
	at io.kotest.core.internal.TestCaseExecutor.executeActiveTest(TestCaseExecutor.kt:145)
	at io.kotest.core.internal.TestCaseExecutor$intercept$innerExecute$1$1.invokeSuspend(TestCaseExecutor.kt:83)
	at io.kotest.core.internal.TestCaseExecutor$intercept$innerExecute$1$1.invoke(TestCaseExecutor.kt)
	at io.kotest.core.internal.TestCaseExecutor.executeIfActive(TestCaseExecutor.kt:109)
	at io.kotest.core.internal.TestCaseExecutor$intercept$innerExecute$1.invokeSuspend(TestCaseExecutor.kt:83)
	at io.kotest.core.internal.TestCaseExecutor$intercept$innerExecute$1.invoke(TestCaseExecutor.kt)
	at io.kotest.core.internal.TestCaseExecutor$intercept$execute$1$1$1.invokeSuspend(TestCaseExecutor.kt:92)
	at io.kotest.core.internal.TestCaseExecutor$intercept$execute$1$1$1.invoke(TestCaseExecutor.kt)
	at io.micronaut.test.extensions.kotest.MicronautKotestExtension.intercept(MicronautKotestExtension.kt:43)
	at io.kotest.core.internal.TestCaseExecutor$intercept$execute$1$1.invokeSuspend(TestCaseExecutor.kt:88)
	at io.kotest.core.internal.TestCaseExecutor$intercept$execute$1$1.invoke(TestCaseExecutor.kt)
	at io.kotest.core.internal.TestCaseExecutor.intercept(TestCaseExecutor.kt:97)
	at io.kotest.core.internal.TestCaseExecutor.execute(TestCaseExecutor.kt:63)
	at io.kotest.engine.runners.SingleInstanceSpecRunner.runTest(SingleInstanceSpecRunner.kt:73)
	at io.kotest.engine.runners.SingleInstanceSpecRunner$execute$2$invokeSuspend$$inlined$invoke$lambda$1.invokeSuspend(SingleInstanceSpecRunner.kt:83)
	at io.kotest.engine.runners.SingleInstanceSpecRunner$execute$2$invokeSuspend$$inlined$invoke$lambda$1.invoke(SingleInstanceSpecRunner.kt)
	at io.kotest.engine.spec.SpecRunner$runParallel$$inlined$map$lambda$2$1.invokeSuspend(SpecRunner.kt:80)
	at kotlin.coroutines.jvm.internal.BaseContinuationImpl.resumeWith(ContinuationImpl.kt:33)
	at kotlinx.coroutines.DispatchedTask.run(DispatchedTask.kt:56)
	at kotlinx.coroutines.EventLoopImplBase.processNextEvent(EventLoop.common.kt:274)
	at kotlinx.coroutines.BlockingCoroutine.joinBlocking(Builders.kt:84)
	at kotlinx.coroutines.BuildersKt__BuildersKt.runBlocking(Builders.kt:59)
	at kotlinx.coroutines.BuildersKt.runBlocking(Unknown Source)
	at kotlinx.coroutines.BuildersKt__BuildersKt.runBlocking$default(Builders.kt:38)
	at kotlinx.coroutines.BuildersKt.runBlocking$default(Unknown Source)
	at io.kotest.engine.spec.SpecRunner$runParallel$$inlined$map$lambda$2.run(SpecRunner.kt:79)
	at java.base/java.util.concurrent.Executors$RunnableAdapter.call(Executors.java:515)
	at java.base/java.util.concurrent.FutureTask.run(FutureTask.java:264)
	at java.base/java.util.concurrent.ThreadPoolExecutor.runWorker(ThreadPoolExecutor.java:1128)
	at java.base/java.util.concurrent.ThreadPoolExecutor$Worker.run(ThreadPoolExecutor.java:628)
	at java.base/java.lang.Thread.run(Thread.java:834)
</failure>
  </testcase>
  <testcase name="есть ссылка на swagger документацию" classname="tech.threecrabs.IndexTest" time="0.06">
    <failure message="org.opentest4j.AssertionFailedError: expected:&lt;true&gt; but was:&lt;false&gt;" type="org.opentest4j.AssertionFailedError">org.opentest4j.AssertionFailedError: expected:&lt;true&gt; but was:&lt;false&gt;
	at tech.threecrabs.IndexTest$1$3.invokeSuspend(IndexTest.kt:28)
	at tech.threecrabs.IndexTest$1$3.invoke(IndexTest.kt)
	at io.kotest.core.internal.ExecutionsKt$executeWithBehaviours$2$1.invokeSuspend(executions.kt:13)
	at io.kotest.core.internal.ExecutionsKt$executeWithBehaviours$2$1.invoke(executions.kt)
	at io.kotest.core.internal.ExecutionsKt.wrapTestWithGlobalAssert(executions.kt:39)
	at io.kotest.core.internal.ExecutionsKt$executeWithBehaviours$2.invokeSuspend(executions.kt:12)
	at io.kotest.core.internal.ExecutionsKt$executeWithBehaviours$2.invoke(executions.kt)
	at io.kotest.core.internal.ExecutionsKt.wrapTestWithAssertionModeCheck(executions.kt:23)
	at io.kotest.core.internal.ExecutionsKt.executeWithBehaviours(executions.kt:11)
	at io.kotest.core.internal.TestCaseExecutor$executeAndWait$2$1$1$3$1.invokeSuspend(TestCaseExecutor.kt:222)
	at io.kotest.core.internal.TestCaseExecutor$executeAndWait$2$1$1$3$1.invoke(TestCaseExecutor.kt)
	at kotlinx.coroutines.intrinsics.UndispatchedKt.startUndispatchedOrReturn(Undispatched.kt:91)
	at kotlinx.coroutines.CoroutineScopeKt.coroutineScope(CoroutineScope.kt:194)
	at io.kotest.core.internal.TestCaseExecutor$executeAndWait$2$1$1$3.invokeSuspend(TestCaseExecutor.kt:216)
	at io.kotest.core.internal.TestCaseExecutor$executeAndWait$2$1$1$3.invoke(TestCaseExecutor.kt)
	at io.kotest.mpp.ReplayKt.replay(replay.kt:18)
	at io.kotest.core.internal.TestCaseExecutor$executeAndWait$2$1$1.invokeSuspend(TestCaseExecutor.kt:211)
	at io.kotest.core.internal.TestCaseExecutor$executeAndWait$2$1$1.invoke(TestCaseExecutor.kt)
	at kotlinx.coroutines.intrinsics.UndispatchedKt.startUndispatchedOrReturnIgnoreTimeout(Undispatched.kt:102)
	at kotlinx.coroutines.TimeoutKt.setupTimeout(Timeout.kt:120)
	at kotlinx.coroutines.TimeoutKt.withTimeout(Timeout.kt:37)
	at io.kotest.core.internal.TestCaseExecutor$executeAndWait$2$1.invokeSuspend(TestCaseExecutor.kt:210)
	at io.kotest.core.internal.TestCaseExecutor$executeAndWait$2$1.invoke(TestCaseExecutor.kt)
	at io.kotest.engine.ExecutorExecutionContext$executeWithTimeoutInterruption$$inlined$suspendCoroutine$lambda$2.invokeSuspend(ExecutorExecutionContext.kt:56)
	at kotlin.coroutines.jvm.internal.BaseContinuationImpl.resumeWith(ContinuationImpl.kt:33)
	at kotlinx.coroutines.DispatchedTask.run(DispatchedTask.kt:56)
	at kotlinx.coroutines.EventLoopImplBase.processNextEvent(EventLoop.common.kt:274)
	at kotlinx.coroutines.BlockingCoroutine.joinBlocking(Builders.kt:84)
	at kotlinx.coroutines.BuildersKt__BuildersKt.runBlocking(Builders.kt:59)
	at kotlinx.coroutines.BuildersKt.runBlocking(Unknown Source)
	at io.kotest.engine.ExecutorExecutionContext.executeWithTimeoutInterruption(ExecutorExecutionContext.kt:55)
	at io.kotest.core.internal.TestCaseExecutor$executeAndWait$2.invokeSuspend(TestCaseExecutor.kt:209)
	at io.kotest.core.internal.TestCaseExecutor$executeAndWait$2.invoke(TestCaseExecutor.kt)
	at kotlinx.coroutines.intrinsics.UndispatchedKt.startUndispatchedOrReturnIgnoreTimeout(Undispatched.kt:102)
	at kotlinx.coroutines.TimeoutKt.setupTimeout(Timeout.kt:120)
	at kotlinx.coroutines.TimeoutKt.withTimeout(Timeout.kt:37)
	at io.kotest.core.internal.TestCaseExecutor.executeAndWait(TestCaseExecutor.kt:207)
	at io.kotest.core.internal.TestCaseExecutor.invokeTestCase(TestCaseExecutor.kt:176)
	at io.kotest.core.internal.TestCaseExecutor.executeActiveTest(TestCaseExecutor.kt:145)
	at io.kotest.core.internal.TestCaseExecutor$intercept$innerExecute$1$1.invokeSuspend(TestCaseExecutor.kt:83)
	at io.kotest.core.internal.TestCaseExecutor$intercept$innerExecute$1$1.invoke(TestCaseExecutor.kt)
	at io.kotest.core.internal.TestCaseExecutor.executeIfActive(TestCaseExecutor.kt:109)
	at io.kotest.core.internal.TestCaseExecutor$intercept$innerExecute$1.invokeSuspend(TestCaseExecutor.kt:83)
	at io.kotest.core.internal.TestCaseExecutor$intercept$innerExecute$1.invoke(TestCaseExecutor.kt)
	at io.kotest.core.internal.TestCaseExecutor$intercept$execute$1$1$1.invokeSuspend(TestCaseExecutor.kt:92)
	at io.kotest.core.internal.TestCaseExecutor$intercept$execute$1$1$1.invoke(TestCaseExecutor.kt)
	at io.micronaut.test.extensions.kotest.MicronautKotestExtension.intercept(MicronautKotestExtension.kt:43)
	at io.kotest.core.internal.TestCaseExecutor$intercept$execute$1$1.invokeSuspend(TestCaseExecutor.kt:88)
	at io.kotest.core.internal.TestCaseExecutor$intercept$execute$1$1.invoke(TestCaseExecutor.kt)
	at io.kotest.core.internal.TestCaseExecutor.intercept(TestCaseExecutor.kt:97)
	at io.kotest.core.internal.TestCaseExecutor.execute(TestCaseExecutor.kt:63)
	at io.kotest.engine.runners.SingleInstanceSpecRunner.runTest(SingleInstanceSpecRunner.kt:73)
	at io.kotest.engine.runners.SingleInstanceSpecRunner$Context.registerTestCase(SingleInstanceSpecRunner.kt:51)
	at io.kotest.core.test.TestContextWithCoroutineContext.registerTestCase(TestContext.kt)
	at io.kotest.core.internal.TestCaseExecutor$executeAndWait$2$1$1$3$1$contextp$1.registerTestCase(TestCaseExecutor.kt:219)
	at io.kotest.core.test.TestContext$DefaultImpls.registerTestCase(TestContext.kt:40)
	at io.kotest.core.internal.TestCaseExecutor$executeAndWait$2$1$1$3$1$contextp$1.registerTestCase(TestCaseExecutor.kt:217)
	at io.kotest.core.spec.style.scopes.ContainerScope$DefaultImpls.addTest(ContainerScope.kt:77)
	at io.kotest.core.spec.style.scopes.FeatureScope.addTest(FeatureScope.kt:25)
	at io.kotest.core.spec.style.scopes.ContainerScope$DefaultImpls.addContainerTest(ContainerScope.kt:56)
	at io.kotest.core.spec.style.scopes.FeatureScope.addContainerTest(FeatureScope.kt:25)
	at io.kotest.core.spec.style.scopes.FeatureScope.scenario(FeatureScope.kt:64)
	at tech.threecrabs.IndexTest$1.invokeSuspend(IndexTest.kt:27)
	at tech.threecrabs.IndexTest$1.invoke(IndexTest.kt)
	at io.kotest.core.spec.style.scopes.FeatureSpecRootScope$addFeature$1.invokeSuspend(FeatureSpecRootScope.kt:20)
	at io.kotest.core.spec.style.scopes.FeatureSpecRootScope$addFeature$1.invoke(FeatureSpecRootScope.kt)
	at io.kotest.core.internal.ExecutionsKt$executeWithBehaviours$2$1.invokeSuspend(executions.kt:13)
	at io.kotest.core.internal.ExecutionsKt$executeWithBehaviours$2$1.invoke(executions.kt)
	at io.kotest.core.internal.ExecutionsKt.wrapTestWithGlobalAssert(executions.kt:39)
	at io.kotest.core.internal.ExecutionsKt$executeWithBehaviours$2.invokeSuspend(executions.kt:12)
	at io.kotest.core.internal.ExecutionsKt$executeWithBehaviours$2.invoke(executions.kt)
	at io.kotest.core.internal.ExecutionsKt.wrapTestWithAssertionModeCheck(executions.kt:23)
	at io.kotest.core.internal.ExecutionsKt.executeWithBehaviours(executions.kt:11)
	at io.kotest.core.internal.TestCaseExecutor$executeAndWait$2$1$1$3$1.invokeSuspend(TestCaseExecutor.kt:222)
	at io.kotest.core.internal.TestCaseExecutor$executeAndWait$2$1$1$3$1.invoke(TestCaseExecutor.kt)
	at kotlinx.coroutines.intrinsics.UndispatchedKt.startUndispatchedOrReturn(Undispatched.kt:91)
	at kotlinx.coroutines.CoroutineScopeKt.coroutineScope(CoroutineScope.kt:194)
	at io.kotest.core.internal.TestCaseExecutor$executeAndWait$2$1$1$3.invokeSuspend(TestCaseExecutor.kt:216)
	at io.kotest.core.internal.TestCaseExecutor$executeAndWait$2$1$1$3.invoke(TestCaseExecutor.kt)
	at io.kotest.mpp.ReplayKt.replay(replay.kt:18)
	at io.kotest.core.internal.TestCaseExecutor$executeAndWait$2$1$1.invokeSuspend(TestCaseExecutor.kt:211)
	at io.kotest.core.internal.TestCaseExecutor$executeAndWait$2$1$1.invoke(TestCaseExecutor.kt)
	at kotlinx.coroutines.intrinsics.UndispatchedKt.startUndispatchedOrReturnIgnoreTimeout(Undispatched.kt:102)
	at kotlinx.coroutines.TimeoutKt.setupTimeout(Timeout.kt:120)
	at kotlinx.coroutines.TimeoutKt.withTimeout(Timeout.kt:37)
	at io.kotest.core.internal.TestCaseExecutor$executeAndWait$2$1.invokeSuspend(TestCaseExecutor.kt:210)
	at io.kotest.core.internal.TestCaseExecutor$executeAndWait$2$1.invoke(TestCaseExecutor.kt)
	at io.kotest.engine.ExecutorExecutionContext$executeWithTimeoutInterruption$$inlined$suspendCoroutine$lambda$2.invokeSuspend(ExecutorExecutionContext.kt:56)
	at kotlin.coroutines.jvm.internal.BaseContinuationImpl.resumeWith(ContinuationImpl.kt:33)
	at kotlinx.coroutines.DispatchedTask.run(DispatchedTask.kt:56)
	at kotlinx.coroutines.EventLoopImplBase.processNextEvent(EventLoop.common.kt:274)
	at kotlinx.coroutines.BlockingCoroutine.joinBlocking(Builders.kt:84)
	at kotlinx.coroutines.BuildersKt__BuildersKt.runBlocking(Builders.kt:59)
	at kotlinx.coroutines.BuildersKt.runBlocking(Unknown Source)
	at io.kotest.engine.ExecutorExecutionContext.executeWithTimeoutInterruption(ExecutorExecutionContext.kt:55)
	at io.kotest.core.internal.TestCaseExecutor$executeAndWait$2.invokeSuspend(TestCaseExecutor.kt:209)
	at io.kotest.core.internal.TestCaseExecutor$executeAndWait$2.invoke(TestCaseExecutor.kt)
	at kotlinx.coroutines.intrinsics.UndispatchedKt.startUndispatchedOrReturnIgnoreTimeout(Undispatched.kt:102)
	at kotlinx.coroutines.TimeoutKt.setupTimeout(Timeout.kt:120)
	at kotlinx.coroutines.TimeoutKt.withTimeout(Timeout.kt:37)
	at io.kotest.core.internal.TestCaseExecutor.executeAndWait(TestCaseExecutor.kt:207)
	at io.kotest.core.internal.TestCaseExecutor.invokeTestCase(TestCaseExecutor.kt:176)
	at io.kotest.core.internal.TestCaseExecutor.executeActiveTest(TestCaseExecutor.kt:145)
	at io.kotest.core.internal.TestCaseExecutor$intercept$innerExecute$1$1.invokeSuspend(TestCaseExecutor.kt:83)
	at io.kotest.core.internal.TestCaseExecutor$intercept$innerExecute$1$1.invoke(TestCaseExecutor.kt)
	at io.kotest.core.internal.TestCaseExecutor.executeIfActive(TestCaseExecutor.kt:109)
	at io.kotest.core.internal.TestCaseExecutor$intercept$innerExecute$1.invokeSuspend(TestCaseExecutor.kt:83)
	at io.kotest.core.internal.TestCaseExecutor$intercept$innerExecute$1.invoke(TestCaseExecutor.kt)
	at io.kotest.core.internal.TestCaseExecutor$intercept$execute$1$1$1.invokeSuspend(TestCaseExecutor.kt:92)
	at io.kotest.core.internal.TestCaseExecutor$intercept$execute$1$1$1.invoke(TestCaseExecutor.kt)
	at io.micronaut.test.extensions.kotest.MicronautKotestExtension.intercept(MicronautKotestExtension.kt:43)
	at io.kotest.core.internal.TestCaseExecutor$intercept$execute$1$1.invokeSuspend(TestCaseExecutor.kt:88)
	at io.kotest.core.internal.TestCaseExecutor$intercept$execute$1$1.invoke(TestCaseExecutor.kt)
	at io.kotest.core.internal.TestCaseExecutor.intercept(TestCaseExecutor.kt:97)
	at io.kotest.core.internal.TestCaseExecutor.execute(TestCaseExecutor.kt:63)
	at io.kotest.engine.runners.SingleInstanceSpecRunner.runTest(SingleInstanceSpecRunner.kt:73)
	at io.kotest.engine.runners.SingleInstanceSpecRunner$execute$2$invokeSuspend$$inlined$invoke$lambda$1.invokeSuspend(SingleInstanceSpecRunner.kt:83)
	at io.kotest.engine.runners.SingleInstanceSpecRunner$execute$2$invokeSuspend$$inlined$invoke$lambda$1.invoke(SingleInstanceSpecRunner.kt)
	at io.kotest.engine.spec.SpecRunner$runParallel$$inlined$map$lambda$2$1.invokeSuspend(SpecRunner.kt:80)
	at kotlin.coroutines.jvm.internal.BaseContinuationImpl.resumeWith(ContinuationImpl.kt:33)
	at kotlinx.coroutines.DispatchedTask.run(DispatchedTask.kt:56)
	at kotlinx.coroutines.EventLoopImplBase.processNextEvent(EventLoop.common.kt:274)
	at kotlinx.coroutines.BlockingCoroutine.joinBlocking(Builders.kt:84)
	at kotlinx.coroutines.BuildersKt__BuildersKt.runBlocking(Builders.kt:59)
	at kotlinx.coroutines.BuildersKt.runBlocking(Unknown Source)
	at kotlinx.coroutines.BuildersKt__BuildersKt.runBlocking$default(Builders.kt:38)
	at kotlinx.coroutines.BuildersKt.runBlocking$default(Unknown Source)
	at io.kotest.engine.spec.SpecRunner$runParallel$$inlined$map$lambda$2.run(SpecRunner.kt:79)
	at java.base/java.util.concurrent.Executors$RunnableAdapter.call(Executors.java:515)
	at java.base/java.util.concurrent.FutureTask.run(FutureTask.java:264)
	at java.base/java.util.concurrent.ThreadPoolExecutor.runWorker(ThreadPoolExecutor.java:1128)
	at java.base/java.util.concurrent.ThreadPoolExecutor$Worker.run(ThreadPoolExecutor.java:628)
	at java.base/java.lang.Thread.run(Thread.java:834)
</failure>
  </testcase>
  <testcase name="есть ссылка на redoc документацию" classname="tech.threecrabs.IndexTest" time="0.033">
    <failure message="org.opentest4j.AssertionFailedError: expected:&lt;true&gt; but was:&lt;false&gt;" type="org.opentest4j.AssertionFailedError">org.opentest4j.AssertionFailedError: expected:&lt;true&gt; but was:&lt;false&gt;
	at tech.threecrabs.IndexTest$1$4.invokeSuspend(IndexTest.kt:32)
	at tech.threecrabs.IndexTest$1$4.invoke(IndexTest.kt)
	at io.kotest.core.internal.ExecutionsKt$executeWithBehaviours$2$1.invokeSuspend(executions.kt:13)
	at io.kotest.core.internal.ExecutionsKt$executeWithBehaviours$2$1.invoke(executions.kt)
	at io.kotest.core.internal.ExecutionsKt.wrapTestWithGlobalAssert(executions.kt:39)
	at io.kotest.core.internal.ExecutionsKt$executeWithBehaviours$2.invokeSuspend(executions.kt:12)
	at io.kotest.core.internal.ExecutionsKt$executeWithBehaviours$2.invoke(executions.kt)
	at io.kotest.core.internal.ExecutionsKt.wrapTestWithAssertionModeCheck(executions.kt:23)
	at io.kotest.core.internal.ExecutionsKt.executeWithBehaviours(executions.kt:11)
	at io.kotest.core.internal.TestCaseExecutor$executeAndWait$2$1$1$3$1.invokeSuspend(TestCaseExecutor.kt:222)
	at io.kotest.core.internal.TestCaseExecutor$executeAndWait$2$1$1$3$1.invoke(TestCaseExecutor.kt)
	at kotlinx.coroutines.intrinsics.UndispatchedKt.startUndispatchedOrReturn(Undispatched.kt:91)
	at kotlinx.coroutines.CoroutineScopeKt.coroutineScope(CoroutineScope.kt:194)
	at io.kotest.core.internal.TestCaseExecutor$executeAndWait$2$1$1$3.invokeSuspend(TestCaseExecutor.kt:216)
	at io.kotest.core.internal.TestCaseExecutor$executeAndWait$2$1$1$3.invoke(TestCaseExecutor.kt)
	at io.kotest.mpp.ReplayKt.replay(replay.kt:18)
	at io.kotest.core.internal.TestCaseExecutor$executeAndWait$2$1$1.invokeSuspend(TestCaseExecutor.kt:211)
	at io.kotest.core.internal.TestCaseExecutor$executeAndWait$2$1$1.invoke(TestCaseExecutor.kt)
	at kotlinx.coroutines.intrinsics.UndispatchedKt.startUndispatchedOrReturnIgnoreTimeout(Undispatched.kt:102)
	at kotlinx.coroutines.TimeoutKt.setupTimeout(Timeout.kt:120)
	at kotlinx.coroutines.TimeoutKt.withTimeout(Timeout.kt:37)
	at io.kotest.core.internal.TestCaseExecutor$executeAndWait$2$1.invokeSuspend(TestCaseExecutor.kt:210)
	at io.kotest.core.internal.TestCaseExecutor$executeAndWait$2$1.invoke(TestCaseExecutor.kt)
	at io.kotest.engine.ExecutorExecutionContext$executeWithTimeoutInterruption$$inlined$suspendCoroutine$lambda$2.invokeSuspend(ExecutorExecutionContext.kt:56)
	at kotlin.coroutines.jvm.internal.BaseContinuationImpl.resumeWith(ContinuationImpl.kt:33)
	at kotlinx.coroutines.DispatchedTask.run(DispatchedTask.kt:56)
	at kotlinx.coroutines.EventLoopImplBase.processNextEvent(EventLoop.common.kt:274)
	at kotlinx.coroutines.BlockingCoroutine.joinBlocking(Builders.kt:84)
	at kotlinx.coroutines.BuildersKt__BuildersKt.runBlocking(Builders.kt:59)
	at kotlinx.coroutines.BuildersKt.runBlocking(Unknown Source)
	at io.kotest.engine.ExecutorExecutionContext.executeWithTimeoutInterruption(ExecutorExecutionContext.kt:55)
	at io.kotest.core.internal.TestCaseExecutor$executeAndWait$2.invokeSuspend(TestCaseExecutor.kt:209)
	at io.kotest.core.internal.TestCaseExecutor$executeAndWait$2.invoke(TestCaseExecutor.kt)
	at kotlinx.coroutines.intrinsics.UndispatchedKt.startUndispatchedOrReturnIgnoreTimeout(Undispatched.kt:102)
	at kotlinx.coroutines.TimeoutKt.setupTimeout(Timeout.kt:120)
	at kotlinx.coroutines.TimeoutKt.withTimeout(Timeout.kt:37)
	at io.kotest.core.internal.TestCaseExecutor.executeAndWait(TestCaseExecutor.kt:207)
	at io.kotest.core.internal.TestCaseExecutor.invokeTestCase(TestCaseExecutor.kt:176)
	at io.kotest.core.internal.TestCaseExecutor.executeActiveTest(TestCaseExecutor.kt:145)
	at io.kotest.core.internal.TestCaseExecutor$intercept$innerExecute$1$1.invokeSuspend(TestCaseExecutor.kt:83)
	at io.kotest.core.internal.TestCaseExecutor$intercept$innerExecute$1$1.invoke(TestCaseExecutor.kt)
	at io.kotest.core.internal.TestCaseExecutor.executeIfActive(TestCaseExecutor.kt:109)
	at io.kotest.core.internal.TestCaseExecutor$intercept$innerExecute$1.invokeSuspend(TestCaseExecutor.kt:83)
	at io.kotest.core.internal.TestCaseExecutor$intercept$innerExecute$1.invoke(TestCaseExecutor.kt)
	at io.kotest.core.internal.TestCaseExecutor$intercept$execute$1$1$1.invokeSuspend(TestCaseExecutor.kt:92)
	at io.kotest.core.internal.TestCaseExecutor$intercept$execute$1$1$1.invoke(TestCaseExecutor.kt)
	at io.micronaut.test.extensions.kotest.MicronautKotestExtension.intercept(MicronautKotestExtension.kt:43)
	at io.kotest.core.internal.TestCaseExecutor$intercept$execute$1$1.invokeSuspend(TestCaseExecutor.kt:88)
	at io.kotest.core.internal.TestCaseExecutor$intercept$execute$1$1.invoke(TestCaseExecutor.kt)
	at io.kotest.core.internal.TestCaseExecutor.intercept(TestCaseExecutor.kt:97)
	at io.kotest.core.internal.TestCaseExecutor.execute(TestCaseExecutor.kt:63)
	at io.kotest.engine.runners.SingleInstanceSpecRunner.runTest(SingleInstanceSpecRunner.kt:73)
	at io.kotest.engine.runners.SingleInstanceSpecRunner$Context.registerTestCase(SingleInstanceSpecRunner.kt:51)
	at io.kotest.core.test.TestContextWithCoroutineContext.registerTestCase(TestContext.kt)
	at io.kotest.core.internal.TestCaseExecutor$executeAndWait$2$1$1$3$1$contextp$1.registerTestCase(TestCaseExecutor.kt:219)
	at io.kotest.core.test.TestContext$DefaultImpls.registerTestCase(TestContext.kt:40)
	at io.kotest.core.internal.TestCaseExecutor$executeAndWait$2$1$1$3$1$contextp$1.registerTestCase(TestCaseExecutor.kt:217)
	at io.kotest.core.spec.style.scopes.ContainerScope$DefaultImpls.addTest(ContainerScope.kt:77)
	at io.kotest.core.spec.style.scopes.FeatureScope.addTest(FeatureScope.kt:25)
	at io.kotest.core.spec.style.scopes.ContainerScope$DefaultImpls.addContainerTest(ContainerScope.kt:56)
	at io.kotest.core.spec.style.scopes.FeatureScope.addContainerTest(FeatureScope.kt:25)
	at io.kotest.core.spec.style.scopes.FeatureScope.scenario(FeatureScope.kt:64)
	at tech.threecrabs.IndexTest$1.invokeSuspend(IndexTest.kt:31)
	at tech.threecrabs.IndexTest$1.invoke(IndexTest.kt)
	at io.kotest.core.spec.style.scopes.FeatureSpecRootScope$addFeature$1.invokeSuspend(FeatureSpecRootScope.kt:20)
	at io.kotest.core.spec.style.scopes.FeatureSpecRootScope$addFeature$1.invoke(FeatureSpecRootScope.kt)
	at io.kotest.core.internal.ExecutionsKt$executeWithBehaviours$2$1.invokeSuspend(executions.kt:13)
	at io.kotest.core.internal.ExecutionsKt$executeWithBehaviours$2$1.invoke(executions.kt)
	at io.kotest.core.internal.ExecutionsKt.wrapTestWithGlobalAssert(executions.kt:39)
	at io.kotest.core.internal.ExecutionsKt$executeWithBehaviours$2.invokeSuspend(executions.kt:12)
	at io.kotest.core.internal.ExecutionsKt$executeWithBehaviours$2.invoke(executions.kt)
	at io.kotest.core.internal.ExecutionsKt.wrapTestWithAssertionModeCheck(executions.kt:23)
	at io.kotest.core.internal.ExecutionsKt.executeWithBehaviours(executions.kt:11)
	at io.kotest.core.internal.TestCaseExecutor$executeAndWait$2$1$1$3$1.invokeSuspend(TestCaseExecutor.kt:222)
	at io.kotest.core.internal.TestCaseExecutor$executeAndWait$2$1$1$3$1.invoke(TestCaseExecutor.kt)
	at kotlinx.coroutines.intrinsics.UndispatchedKt.startUndispatchedOrReturn(Undispatched.kt:91)
	at kotlinx.coroutines.CoroutineScopeKt.coroutineScope(CoroutineScope.kt:194)
	at io.kotest.core.internal.TestCaseExecutor$executeAndWait$2$1$1$3.invokeSuspend(TestCaseExecutor.kt:216)
	at io.kotest.core.internal.TestCaseExecutor$executeAndWait$2$1$1$3.invoke(TestCaseExecutor.kt)
	at io.kotest.mpp.ReplayKt.replay(replay.kt:18)
	at io.kotest.core.internal.TestCaseExecutor$executeAndWait$2$1$1.invokeSuspend(TestCaseExecutor.kt:211)
	at io.kotest.core.internal.TestCaseExecutor$executeAndWait$2$1$1.invoke(TestCaseExecutor.kt)
	at kotlinx.coroutines.intrinsics.UndispatchedKt.startUndispatchedOrReturnIgnoreTimeout(Undispatched.kt:102)
	at kotlinx.coroutines.TimeoutKt.setupTimeout(Timeout.kt:120)
	at kotlinx.coroutines.TimeoutKt.withTimeout(Timeout.kt:37)
	at io.kotest.core.internal.TestCaseExecutor$executeAndWait$2$1.invokeSuspend(TestCaseExecutor.kt:210)
	at io.kotest.core.internal.TestCaseExecutor$executeAndWait$2$1.invoke(TestCaseExecutor.kt)
	at io.kotest.engine.ExecutorExecutionContext$executeWithTimeoutInterruption$$inlined$suspendCoroutine$lambda$2.invokeSuspend(ExecutorExecutionContext.kt:56)
	at kotlin.coroutines.jvm.internal.BaseContinuationImpl.resumeWith(ContinuationImpl.kt:33)
	at kotlinx.coroutines.DispatchedTask.run(DispatchedTask.kt:56)
	at kotlinx.coroutines.EventLoopImplBase.processNextEvent(EventLoop.common.kt:274)
	at kotlinx.coroutines.BlockingCoroutine.joinBlocking(Builders.kt:84)
	at kotlinx.coroutines.BuildersKt__BuildersKt.runBlocking(Builders.kt:59)
	at kotlinx.coroutines.BuildersKt.runBlocking(Unknown Source)
	at io.kotest.engine.ExecutorExecutionContext.executeWithTimeoutInterruption(ExecutorExecutionContext.kt:55)
	at io.kotest.core.internal.TestCaseExecutor$executeAndWait$2.invokeSuspend(TestCaseExecutor.kt:209)
	at io.kotest.core.internal.TestCaseExecutor$executeAndWait$2.invoke(TestCaseExecutor.kt)
	at kotlinx.coroutines.intrinsics.UndispatchedKt.startUndispatchedOrReturnIgnoreTimeout(Undispatched.kt:102)
	at kotlinx.coroutines.TimeoutKt.setupTimeout(Timeout.kt:120)
	at kotlinx.coroutines.TimeoutKt.withTimeout(Timeout.kt:37)
	at io.kotest.core.internal.TestCaseExecutor.executeAndWait(TestCaseExecutor.kt:207)
	at io.kotest.core.internal.TestCaseExecutor.invokeTestCase(TestCaseExecutor.kt:176)
	at io.kotest.core.internal.TestCaseExecutor.executeActiveTest(TestCaseExecutor.kt:145)
	at io.kotest.core.internal.TestCaseExecutor$intercept$innerExecute$1$1.invokeSuspend(TestCaseExecutor.kt:83)
	at io.kotest.core.internal.TestCaseExecutor$intercept$innerExecute$1$1.invoke(TestCaseExecutor.kt)
	at io.kotest.core.internal.TestCaseExecutor.executeIfActive(TestCaseExecutor.kt:109)
	at io.kotest.core.internal.TestCaseExecutor$intercept$innerExecute$1.invokeSuspend(TestCaseExecutor.kt:83)
	at io.kotest.core.internal.TestCaseExecutor$intercept$innerExecute$1.invoke(TestCaseExecutor.kt)
	at io.kotest.core.internal.TestCaseExecutor$intercept$execute$1$1$1.invokeSuspend(TestCaseExecutor.kt:92)
	at io.kotest.core.internal.TestCaseExecutor$intercept$execute$1$1$1.invoke(TestCaseExecutor.kt)
	at io.micronaut.test.extensions.kotest.MicronautKotestExtension.intercept(MicronautKotestExtension.kt:43)
	at io.kotest.core.internal.TestCaseExecutor$intercept$execute$1$1.invokeSuspend(TestCaseExecutor.kt:88)
	at io.kotest.core.internal.TestCaseExecutor$intercept$execute$1$1.invoke(TestCaseExecutor.kt)
	at io.kotest.core.internal.TestCaseExecutor.intercept(TestCaseExecutor.kt:97)
	at io.kotest.core.internal.TestCaseExecutor.execute(TestCaseExecutor.kt:63)
	at io.kotest.engine.runners.SingleInstanceSpecRunner.runTest(SingleInstanceSpecRunner.kt:73)
	at io.kotest.engine.runners.SingleInstanceSpecRunner$execute$2$invokeSuspend$$inlined$invoke$lambda$1.invokeSuspend(SingleInstanceSpecRunner.kt:83)
	at io.kotest.engine.runners.SingleInstanceSpecRunner$execute$2$invokeSuspend$$inlined$invoke$lambda$1.invoke(SingleInstanceSpecRunner.kt)
	at io.kotest.engine.spec.SpecRunner$runParallel$$inlined$map$lambda$2$1.invokeSuspend(SpecRunner.kt:80)
	at kotlin.coroutines.jvm.internal.BaseContinuationImpl.resumeWith(ContinuationImpl.kt:33)
	at kotlinx.coroutines.DispatchedTask.run(DispatchedTask.kt:56)
	at kotlinx.coroutines.EventLoopImplBase.processNextEvent(EventLoop.common.kt:274)
	at kotlinx.coroutines.BlockingCoroutine.joinBlocking(Builders.kt:84)
	at kotlinx.coroutines.BuildersKt__BuildersKt.runBlocking(Builders.kt:59)
	at kotlinx.coroutines.BuildersKt.runBlocking(Unknown Source)
	at kotlinx.coroutines.BuildersKt__BuildersKt.runBlocking$default(Builders.kt:38)
	at kotlinx.coroutines.BuildersKt.runBlocking$default(Unknown Source)
	at io.kotest.engine.spec.SpecRunner$runParallel$$inlined$map$lambda$2.run(SpecRunner.kt:79)
	at java.base/java.util.concurrent.Executors$RunnableAdapter.call(Executors.java:515)
	at java.base/java.util.concurrent.FutureTask.run(FutureTask.java:264)
	at java.base/java.util.concurrent.ThreadPoolExecutor.runWorker(ThreadPoolExecutor.java:1128)
	at java.base/java.util.concurrent.ThreadPoolExecutor$Worker.run(ThreadPoolExecutor.java:628)
	at java.base/java.lang.Thread.run(Thread.java:834)
</failure>
  </testcase>
  <testcase name="есть ссылка на rapidoc документацию" classname="tech.threecrabs.IndexTest" time="0.036">
    <failure message="org.opentest4j.AssertionFailedError: expected:&lt;true&gt; but was:&lt;false&gt;" type="org.opentest4j.AssertionFailedError">org.opentest4j.AssertionFailedError: expected:&lt;true&gt; but was:&lt;false&gt;
	at tech.threecrabs.IndexTest$1$5.invokeSuspend(IndexTest.kt:36)
	at tech.threecrabs.IndexTest$1$5.invoke(IndexTest.kt)
	at io.kotest.core.internal.ExecutionsKt$executeWithBehaviours$2$1.invokeSuspend(executions.kt:13)
	at io.kotest.core.internal.ExecutionsKt$executeWithBehaviours$2$1.invoke(executions.kt)
	at io.kotest.core.internal.ExecutionsKt.wrapTestWithGlobalAssert(executions.kt:39)
	at io.kotest.core.internal.ExecutionsKt$executeWithBehaviours$2.invokeSuspend(executions.kt:12)
	at io.kotest.core.internal.ExecutionsKt$executeWithBehaviours$2.invoke(executions.kt)
	at io.kotest.core.internal.ExecutionsKt.wrapTestWithAssertionModeCheck(executions.kt:23)
	at io.kotest.core.internal.ExecutionsKt.executeWithBehaviours(executions.kt:11)
	at io.kotest.core.internal.TestCaseExecutor$executeAndWait$2$1$1$3$1.invokeSuspend(TestCaseExecutor.kt:222)
	at io.kotest.core.internal.TestCaseExecutor$executeAndWait$2$1$1$3$1.invoke(TestCaseExecutor.kt)
	at kotlinx.coroutines.intrinsics.UndispatchedKt.startUndispatchedOrReturn(Undispatched.kt:91)
	at kotlinx.coroutines.CoroutineScopeKt.coroutineScope(CoroutineScope.kt:194)
	at io.kotest.core.internal.TestCaseExecutor$executeAndWait$2$1$1$3.invokeSuspend(TestCaseExecutor.kt:216)
	at io.kotest.core.internal.TestCaseExecutor$executeAndWait$2$1$1$3.invoke(TestCaseExecutor.kt)
	at io.kotest.mpp.ReplayKt.replay(replay.kt:18)
	at io.kotest.core.internal.TestCaseExecutor$executeAndWait$2$1$1.invokeSuspend(TestCaseExecutor.kt:211)
	at io.kotest.core.internal.TestCaseExecutor$executeAndWait$2$1$1.invoke(TestCaseExecutor.kt)
	at kotlinx.coroutines.intrinsics.UndispatchedKt.startUndispatchedOrReturnIgnoreTimeout(Undispatched.kt:102)
	at kotlinx.coroutines.TimeoutKt.setupTimeout(Timeout.kt:120)
	at kotlinx.coroutines.TimeoutKt.withTimeout(Timeout.kt:37)
	at io.kotest.core.internal.TestCaseExecutor$executeAndWait$2$1.invokeSuspend(TestCaseExecutor.kt:210)
	at io.kotest.core.internal.TestCaseExecutor$executeAndWait$2$1.invoke(TestCaseExecutor.kt)
	at io.kotest.engine.ExecutorExecutionContext$executeWithTimeoutInterruption$$inlined$suspendCoroutine$lambda$2.invokeSuspend(ExecutorExecutionContext.kt:56)
	at kotlin.coroutines.jvm.internal.BaseContinuationImpl.resumeWith(ContinuationImpl.kt:33)
	at kotlinx.coroutines.DispatchedTask.run(DispatchedTask.kt:56)
	at kotlinx.coroutines.EventLoopImplBase.processNextEvent(EventLoop.common.kt:274)
	at kotlinx.coroutines.BlockingCoroutine.joinBlocking(Builders.kt:84)
	at kotlinx.coroutines.BuildersKt__BuildersKt.runBlocking(Builders.kt:59)
	at kotlinx.coroutines.BuildersKt.runBlocking(Unknown Source)
	at io.kotest.engine.ExecutorExecutionContext.executeWithTimeoutInterruption(ExecutorExecutionContext.kt:55)
	at io.kotest.core.internal.TestCaseExecutor$executeAndWait$2.invokeSuspend(TestCaseExecutor.kt:209)
	at io.kotest.core.internal.TestCaseExecutor$executeAndWait$2.invoke(TestCaseExecutor.kt)
	at kotlinx.coroutines.intrinsics.UndispatchedKt.startUndispatchedOrReturnIgnoreTimeout(Undispatched.kt:102)
	at kotlinx.coroutines.TimeoutKt.setupTimeout(Timeout.kt:120)
	at kotlinx.coroutines.TimeoutKt.withTimeout(Timeout.kt:37)
	at io.kotest.core.internal.TestCaseExecutor.executeAndWait(TestCaseExecutor.kt:207)
	at io.kotest.core.internal.TestCaseExecutor.invokeTestCase(TestCaseExecutor.kt:176)
	at io.kotest.core.internal.TestCaseExecutor.executeActiveTest(TestCaseExecutor.kt:145)
	at io.kotest.core.internal.TestCaseExecutor$intercept$innerExecute$1$1.invokeSuspend(TestCaseExecutor.kt:83)
	at io.kotest.core.internal.TestCaseExecutor$intercept$innerExecute$1$1.invoke(TestCaseExecutor.kt)
	at io.kotest.core.internal.TestCaseExecutor.executeIfActive(TestCaseExecutor.kt:109)
	at io.kotest.core.internal.TestCaseExecutor$intercept$innerExecute$1.invokeSuspend(TestCaseExecutor.kt:83)
	at io.kotest.core.internal.TestCaseExecutor$intercept$innerExecute$1.invoke(TestCaseExecutor.kt)
	at io.kotest.core.internal.TestCaseExecutor$intercept$execute$1$1$1.invokeSuspend(TestCaseExecutor.kt:92)
	at io.kotest.core.internal.TestCaseExecutor$intercept$execute$1$1$1.invoke(TestCaseExecutor.kt)
	at io.micronaut.test.extensions.kotest.MicronautKotestExtension.intercept(MicronautKotestExtension.kt:43)
	at io.kotest.core.internal.TestCaseExecutor$intercept$execute$1$1.invokeSuspend(TestCaseExecutor.kt:88)
	at io.kotest.core.internal.TestCaseExecutor$intercept$execute$1$1.invoke(TestCaseExecutor.kt)
	at io.kotest.core.internal.TestCaseExecutor.intercept(TestCaseExecutor.kt:97)
	at io.kotest.core.internal.TestCaseExecutor.execute(TestCaseExecutor.kt:63)
	at io.kotest.engine.runners.SingleInstanceSpecRunner.runTest(SingleInstanceSpecRunner.kt:73)
	at io.kotest.engine.runners.SingleInstanceSpecRunner$Context.registerTestCase(SingleInstanceSpecRunner.kt:51)
	at io.kotest.core.test.TestContextWithCoroutineContext.registerTestCase(TestContext.kt)
	at io.kotest.core.internal.TestCaseExecutor$executeAndWait$2$1$1$3$1$contextp$1.registerTestCase(TestCaseExecutor.kt:219)
	at io.kotest.core.test.TestContext$DefaultImpls.registerTestCase(TestContext.kt:40)
	at io.kotest.core.internal.TestCaseExecutor$executeAndWait$2$1$1$3$1$contextp$1.registerTestCase(TestCaseExecutor.kt:217)
	at io.kotest.core.spec.style.scopes.ContainerScope$DefaultImpls.addTest(ContainerScope.kt:77)
	at io.kotest.core.spec.style.scopes.FeatureScope.addTest(FeatureScope.kt:25)
	at io.kotest.core.spec.style.scopes.ContainerScope$DefaultImpls.addContainerTest(ContainerScope.kt:56)
	at io.kotest.core.spec.style.scopes.FeatureScope.addContainerTest(FeatureScope.kt:25)
	at io.kotest.core.spec.style.scopes.FeatureScope.scenario(FeatureScope.kt:64)
	at tech.threecrabs.IndexTest$1.invokeSuspend(IndexTest.kt:35)
	at tech.threecrabs.IndexTest$1.invoke(IndexTest.kt)
	at io.kotest.core.spec.style.scopes.FeatureSpecRootScope$addFeature$1.invokeSuspend(FeatureSpecRootScope.kt:20)
	at io.kotest.core.spec.style.scopes.FeatureSpecRootScope$addFeature$1.invoke(FeatureSpecRootScope.kt)
	at io.kotest.core.internal.ExecutionsKt$executeWithBehaviours$2$1.invokeSuspend(executions.kt:13)
	at io.kotest.core.internal.ExecutionsKt$executeWithBehaviours$2$1.invoke(executions.kt)
	at io.kotest.core.internal.ExecutionsKt.wrapTestWithGlobalAssert(executions.kt:39)
	at io.kotest.core.internal.ExecutionsKt$executeWithBehaviours$2.invokeSuspend(executions.kt:12)
	at io.kotest.core.internal.ExecutionsKt$executeWithBehaviours$2.invoke(executions.kt)
	at io.kotest.core.internal.ExecutionsKt.wrapTestWithAssertionModeCheck(executions.kt:23)
	at io.kotest.core.internal.ExecutionsKt.executeWithBehaviours(executions.kt:11)
	at io.kotest.core.internal.TestCaseExecutor$executeAndWait$2$1$1$3$1.invokeSuspend(TestCaseExecutor.kt:222)
	at io.kotest.core.internal.TestCaseExecutor$executeAndWait$2$1$1$3$1.invoke(TestCaseExecutor.kt)
	at kotlinx.coroutines.intrinsics.UndispatchedKt.startUndispatchedOrReturn(Undispatched.kt:91)
	at kotlinx.coroutines.CoroutineScopeKt.coroutineScope(CoroutineScope.kt:194)
	at io.kotest.core.internal.TestCaseExecutor$executeAndWait$2$1$1$3.invokeSuspend(TestCaseExecutor.kt:216)
	at io.kotest.core.internal.TestCaseExecutor$executeAndWait$2$1$1$3.invoke(TestCaseExecutor.kt)
	at io.kotest.mpp.ReplayKt.replay(replay.kt:18)
	at io.kotest.core.internal.TestCaseExecutor$executeAndWait$2$1$1.invokeSuspend(TestCaseExecutor.kt:211)
	at io.kotest.core.internal.TestCaseExecutor$executeAndWait$2$1$1.invoke(TestCaseExecutor.kt)
	at kotlinx.coroutines.intrinsics.UndispatchedKt.startUndispatchedOrReturnIgnoreTimeout(Undispatched.kt:102)
	at kotlinx.coroutines.TimeoutKt.setupTimeout(Timeout.kt:120)
	at kotlinx.coroutines.TimeoutKt.withTimeout(Timeout.kt:37)
	at io.kotest.core.internal.TestCaseExecutor$executeAndWait$2$1.invokeSuspend(TestCaseExecutor.kt:210)
	at io.kotest.core.internal.TestCaseExecutor$executeAndWait$2$1.invoke(TestCaseExecutor.kt)
	at io.kotest.engine.ExecutorExecutionContext$executeWithTimeoutInterruption$$inlined$suspendCoroutine$lambda$2.invokeSuspend(ExecutorExecutionContext.kt:56)
	at kotlin.coroutines.jvm.internal.BaseContinuationImpl.resumeWith(ContinuationImpl.kt:33)
	at kotlinx.coroutines.DispatchedTask.run(DispatchedTask.kt:56)
	at kotlinx.coroutines.EventLoopImplBase.processNextEvent(EventLoop.common.kt:274)
	at kotlinx.coroutines.BlockingCoroutine.joinBlocking(Builders.kt:84)
	at kotlinx.coroutines.BuildersKt__BuildersKt.runBlocking(Builders.kt:59)
	at kotlinx.coroutines.BuildersKt.runBlocking(Unknown Source)
	at io.kotest.engine.ExecutorExecutionContext.executeWithTimeoutInterruption(ExecutorExecutionContext.kt:55)
	at io.kotest.core.internal.TestCaseExecutor$executeAndWait$2.invokeSuspend(TestCaseExecutor.kt:209)
	at io.kotest.core.internal.TestCaseExecutor$executeAndWait$2.invoke(TestCaseExecutor.kt)
	at kotlinx.coroutines.intrinsics.UndispatchedKt.startUndispatchedOrReturnIgnoreTimeout(Undispatched.kt:102)
	at kotlinx.coroutines.TimeoutKt.setupTimeout(Timeout.kt:120)
	at kotlinx.coroutines.TimeoutKt.withTimeout(Timeout.kt:37)
	at io.kotest.core.internal.TestCaseExecutor.executeAndWait(TestCaseExecutor.kt:207)
	at io.kotest.core.internal.TestCaseExecutor.invokeTestCase(TestCaseExecutor.kt:176)
	at io.kotest.core.internal.TestCaseExecutor.executeActiveTest(TestCaseExecutor.kt:145)
	at io.kotest.core.internal.TestCaseExecutor$intercept$innerExecute$1$1.invokeSuspend(TestCaseExecutor.kt:83)
	at io.kotest.core.internal.TestCaseExecutor$intercept$innerExecute$1$1.invoke(TestCaseExecutor.kt)
	at io.kotest.core.internal.TestCaseExecutor.executeIfActive(TestCaseExecutor.kt:109)
	at io.kotest.core.internal.TestCaseExecutor$intercept$innerExecute$1.invokeSuspend(TestCaseExecutor.kt:83)
	at io.kotest.core.internal.TestCaseExecutor$intercept$innerExecute$1.invoke(TestCaseExecutor.kt)
	at io.kotest.core.internal.TestCaseExecutor$intercept$execute$1$1$1.invokeSuspend(TestCaseExecutor.kt:92)
	at io.kotest.core.internal.TestCaseExecutor$intercept$execute$1$1$1.invoke(TestCaseExecutor.kt)
	at io.micronaut.test.extensions.kotest.MicronautKotestExtension.intercept(MicronautKotestExtension.kt:43)
	at io.kotest.core.internal.TestCaseExecutor$intercept$execute$1$1.invokeSuspend(TestCaseExecutor.kt:88)
	at io.kotest.core.internal.TestCaseExecutor$intercept$execute$1$1.invoke(TestCaseExecutor.kt)
	at io.kotest.core.internal.TestCaseExecutor.intercept(TestCaseExecutor.kt:97)
	at io.kotest.core.internal.TestCaseExecutor.execute(TestCaseExecutor.kt:63)
	at io.kotest.engine.runners.SingleInstanceSpecRunner.runTest(SingleInstanceSpecRunner.kt:73)
	at io.kotest.engine.runners.SingleInstanceSpecRunner$execute$2$invokeSuspend$$inlined$invoke$lambda$1.invokeSuspend(SingleInstanceSpecRunner.kt:83)
	at io.kotest.engine.runners.SingleInstanceSpecRunner$execute$2$invokeSuspend$$inlined$invoke$lambda$1.invoke(SingleInstanceSpecRunner.kt)
	at io.kotest.engine.spec.SpecRunner$runParallel$$inlined$map$lambda$2$1.invokeSuspend(SpecRunner.kt:80)
	at kotlin.coroutines.jvm.internal.BaseContinuationImpl.resumeWith(ContinuationImpl.kt:33)
	at kotlinx.coroutines.DispatchedTask.run(DispatchedTask.kt:56)
	at kotlinx.coroutines.EventLoopImplBase.processNextEvent(EventLoop.common.kt:274)
	at kotlinx.coroutines.BlockingCoroutine.joinBlocking(Builders.kt:84)
	at kotlinx.coroutines.BuildersKt__BuildersKt.runBlocking(Builders.kt:59)
	at kotlinx.coroutines.BuildersKt.runBlocking(Unknown Source)
	at kotlinx.coroutines.BuildersKt__BuildersKt.runBlocking$default(Builders.kt:38)
	at kotlinx.coroutines.BuildersKt.runBlocking$default(Unknown Source)
	at io.kotest.engine.spec.SpecRunner$runParallel$$inlined$map$lambda$2.run(SpecRunner.kt:79)
	at java.base/java.util.concurrent.Executors$RunnableAdapter.call(Executors.java:515)
	at java.base/java.util.concurrent.FutureTask.run(FutureTask.java:264)
	at java.base/java.util.concurrent.ThreadPoolExecutor.runWorker(ThreadPoolExecutor.java:1128)
	at java.base/java.util.concurrent.ThreadPoolExecutor$Worker.run(ThreadPoolExecutor.java:628)
	at java.base/java.lang.Thread.run(Thread.java:834)
</failure>
  </testcase>
  <testcase name="главная страница" classname="tech.threecrabs.IndexTest" time="1.318"/>
  <system-out><![CDATA[?[36m22:00:22.187?[0;39m ?[1;30m[kotest-engine-0 @coroutine#3]?[0;39m ?[34mINFO ?[0;39m ?[35mi.m.context.env.DefaultEnvironment?[0;39m - Established active environments: [test]
]]></system-out>
  <system-err><![CDATA[]]></system-err>
</testsuite>
