<!DOCTYPE html>
<html>
<head>
<meta http-equiv="Content-Type" content="text/html; charset=utf-8"/>
<meta http-equiv="x-ua-compatible" content="IE=edge"/>
<title>Test results - Class tech.threecrabs.IndexTest</title>
<link href="../css/base-style.css" rel="stylesheet" type="text/css"/>
<link href="../css/style.css" rel="stylesheet" type="text/css"/>
<script src="../js/report.js" type="text/javascript"></script>
</head>
<body>
<div id="content">
<h1>Class tech.threecrabs.IndexTest</h1>
<div class="breadcrumbs">
<a href="../index.html">all</a> &gt; 
<a href="../packages/tech.threecrabs.html">tech.threecrabs</a> &gt; IndexTest</div>
<div id="summary">
<table>
<tr>
<td>
<div class="summaryGroup">
<table>
<tr>
<td>
<div class="infoBox" id="tests">
<div class="counter">6</div>
<p>tests</p>
</div>
</td>
<td>
<div class="infoBox" id="failures">
<div class="counter">5</div>
<p>failures</p>
</div>
</td>
<td>
<div class="infoBox" id="ignored">
<div class="counter">0</div>
<p>ignored</p>
</div>
</td>
<td>
<div class="infoBox" id="duration">
<div class="counter">2.367s</div>
<p>duration</p>
</div>
</td>
</tr>
</table>
</div>
</td>
<td>
<div class="infoBox failures" id="successRate">
<div class="percent">16%</div>
<p>successful</p>
</div>
</td>
</tr>
</table>
</div>
<div id="tabs">
<ul class="tabLinks">
<li>
<a href="#tab0">Failed tests</a>
</li>
<li>
<a href="#tab1">Tests</a>
</li>
<li>
<a href="#tab2">Standard output</a>
</li>
</ul>
<div id="tab0" class="tab">
<h2>Failed tests</h2>
<div class="test">
<a name="есть ссылка на rapidoc документацию"></a>
<h3 class="failures">есть ссылка на rapidoc документацию</h3>
<span class="code">
<pre>org.opentest4j.AssertionFailedError: expected:&lt;true&gt; but was:&lt;false&gt;
	at tech.threecrabs.IndexTest$1$5.invokeSuspend(IndexTest.kt:36)
	at tech.threecrabs.IndexTest$1$5.invoke(IndexTest.kt)
	at io.kotest.core.internal.ExecutionsKt$executeWithBehaviours$2$1.invokeSuspend(executions.kt:13)
	at io.kotest.core.internal.ExecutionsKt$executeWithBehaviours$2$1.invoke(executions.kt)
	at io.kotest.core.internal.ExecutionsKt.wrapTestWithGlobalAssert(executions.kt:39)
	at io.kotest.core.internal.ExecutionsKt$executeWithBehaviours$2.invokeSuspend(executions.kt:12)
	at io.kotest.core.internal.ExecutionsKt$executeWithBehaviours$2.invoke(executions.kt)
	at io.kotest.core.internal.ExecutionsKt.wrapTestWithAssertionModeCheck(executions.kt:23)
	at io.kotest.core.internal.ExecutionsKt.executeWithBehaviours(executions.kt:11)
	at io.kotest.core.internal.TestCaseExecutor$executeAndWait$2$1$1$3$1.invokeSuspend(TestCaseExecutor.kt:222)
	at io.kotest.core.internal.TestCaseExecutor$executeAndWait$2$1$1$3$1.invoke(TestCaseExecutor.kt)
	at kotlinx.coroutines.intrinsics.UndispatchedKt.startUndispatchedOrReturn(Undispatched.kt:91)
	at kotlinx.coroutines.CoroutineScopeKt.coroutineScope(CoroutineScope.kt:194)
	at io.kotest.core.internal.TestCaseExecutor$executeAndWait$2$1$1$3.invokeSuspend(TestCaseExecutor.kt:216)
	at io.kotest.core.internal.TestCaseExecutor$executeAndWait$2$1$1$3.invoke(TestCaseExecutor.kt)
	at io.kotest.mpp.ReplayKt.replay(replay.kt:18)
	at io.kotest.core.internal.TestCaseExecutor$executeAndWait$2$1$1.invokeSuspend(TestCaseExecutor.kt:211)
	at io.kotest.core.internal.TestCaseExecutor$executeAndWait$2$1$1.invoke(TestCaseExecutor.kt)
	at kotlinx.coroutines.intrinsics.UndispatchedKt.startUndispatchedOrReturnIgnoreTimeout(Undispatched.kt:102)
	at kotlinx.coroutines.TimeoutKt.setupTimeout(Timeout.kt:120)
	at kotlinx.coroutines.TimeoutKt.withTimeout(Timeout.kt:37)
	at io.kotest.core.internal.TestCaseExecutor$executeAndWait$2$1.invokeSuspend(TestCaseExecutor.kt:210)
	at io.kotest.core.internal.TestCaseExecutor$executeAndWait$2$1.invoke(TestCaseExecutor.kt)
	at io.kotest.engine.ExecutorExecutionContext$executeWithTimeoutInterruption$$inlined$suspendCoroutine$lambda$2.invokeSuspend(ExecutorExecutionContext.kt:56)
	at kotlin.coroutines.jvm.internal.BaseContinuationImpl.resumeWith(ContinuationImpl.kt:33)
	at kotlinx.coroutines.DispatchedTask.run(DispatchedTask.kt:56)
	at kotlinx.coroutines.EventLoopImplBase.processNextEvent(EventLoop.common.kt:274)
	at kotlinx.coroutines.BlockingCoroutine.joinBlocking(Builders.kt:84)
	at kotlinx.coroutines.BuildersKt__BuildersKt.runBlocking(Builders.kt:59)
	at kotlinx.coroutines.BuildersKt.runBlocking(Unknown Source)
	at io.kotest.engine.ExecutorExecutionContext.executeWithTimeoutInterruption(ExecutorExecutionContext.kt:55)
	at io.kotest.core.internal.TestCaseExecutor$executeAndWait$2.invokeSuspend(TestCaseExecutor.kt:209)
	at io.kotest.core.internal.TestCaseExecutor$executeAndWait$2.invoke(TestCaseExecutor.kt)
	at kotlinx.coroutines.intrinsics.UndispatchedKt.startUndispatchedOrReturnIgnoreTimeout(Undispatched.kt:102)
	at kotlinx.coroutines.TimeoutKt.setupTimeout(Timeout.kt:120)
	at kotlinx.coroutines.TimeoutKt.withTimeout(Timeout.kt:37)
	at io.kotest.core.internal.TestCaseExecutor.executeAndWait(TestCaseExecutor.kt:207)
	at io.kotest.core.internal.TestCaseExecutor.invokeTestCase(TestCaseExecutor.kt:176)
	at io.kotest.core.internal.TestCaseExecutor.executeActiveTest(TestCaseExecutor.kt:145)
	at io.kotest.core.internal.TestCaseExecutor$intercept$innerExecute$1$1.invokeSuspend(TestCaseExecutor.kt:83)
	at io.kotest.core.internal.TestCaseExecutor$intercept$innerExecute$1$1.invoke(TestCaseExecutor.kt)
	at io.kotest.core.internal.TestCaseExecutor.executeIfActive(TestCaseExecutor.kt:109)
	at io.kotest.core.internal.TestCaseExecutor$intercept$innerExecute$1.invokeSuspend(TestCaseExecutor.kt:83)
	at io.kotest.core.internal.TestCaseExecutor$intercept$innerExecute$1.invoke(TestCaseExecutor.kt)
	at io.kotest.core.internal.TestCaseExecutor$intercept$execute$1$1$1.invokeSuspend(TestCaseExecutor.kt:92)
	at io.kotest.core.internal.TestCaseExecutor$intercept$execute$1$1$1.invoke(TestCaseExecutor.kt)
	at io.micronaut.test.extensions.kotest.MicronautKotestExtension.intercept(MicronautKotestExtension.kt:43)
	at io.kotest.core.internal.TestCaseExecutor$intercept$execute$1$1.invokeSuspend(TestCaseExecutor.kt:88)
	at io.kotest.core.internal.TestCaseExecutor$intercept$execute$1$1.invoke(TestCaseExecutor.kt)
	at io.kotest.core.internal.TestCaseExecutor.intercept(TestCaseExecutor.kt:97)
	at io.kotest.core.internal.TestCaseExecutor.execute(TestCaseExecutor.kt:63)
	at io.kotest.engine.runners.SingleInstanceSpecRunner.runTest(SingleInstanceSpecRunner.kt:73)
	at io.kotest.engine.runners.SingleInstanceSpecRunner$Context.registerTestCase(SingleInstanceSpecRunner.kt:51)
	at io.kotest.core.test.TestContextWithCoroutineContext.registerTestCase(TestContext.kt)
	at io.kotest.core.internal.TestCaseExecutor$executeAndWait$2$1$1$3$1$contextp$1.registerTestCase(TestCaseExecutor.kt:219)
	at io.kotest.core.test.TestContext$DefaultImpls.registerTestCase(TestContext.kt:40)
	at io.kotest.core.internal.TestCaseExecutor$executeAndWait$2$1$1$3$1$contextp$1.registerTestCase(TestCaseExecutor.kt:217)
	at io.kotest.core.spec.style.scopes.ContainerScope$DefaultImpls.addTest(ContainerScope.kt:77)
	at io.kotest.core.spec.style.scopes.FeatureScope.addTest(FeatureScope.kt:25)
	at io.kotest.core.spec.style.scopes.ContainerScope$DefaultImpls.addContainerTest(ContainerScope.kt:56)
	at io.kotest.core.spec.style.scopes.FeatureScope.addContainerTest(FeatureScope.kt:25)
	at io.kotest.core.spec.style.scopes.FeatureScope.scenario(FeatureScope.kt:64)
	at tech.threecrabs.IndexTest$1.invokeSuspend(IndexTest.kt:35)
	at tech.threecrabs.IndexTest$1.invoke(IndexTest.kt)
	at io.kotest.core.spec.style.scopes.FeatureSpecRootScope$addFeature$1.invokeSuspend(FeatureSpecRootScope.kt:20)
	at io.kotest.core.spec.style.scopes.FeatureSpecRootScope$addFeature$1.invoke(FeatureSpecRootScope.kt)
	at io.kotest.core.internal.ExecutionsKt$executeWithBehaviours$2$1.invokeSuspend(executions.kt:13)
	at io.kotest.core.internal.ExecutionsKt$executeWithBehaviours$2$1.invoke(executions.kt)
	at io.kotest.core.internal.ExecutionsKt.wrapTestWithGlobalAssert(executions.kt:39)
	at io.kotest.core.internal.ExecutionsKt$executeWithBehaviours$2.invokeSuspend(executions.kt:12)
	at io.kotest.core.internal.ExecutionsKt$executeWithBehaviours$2.invoke(executions.kt)
	at io.kotest.core.internal.ExecutionsKt.wrapTestWithAssertionModeCheck(executions.kt:23)
	at io.kotest.core.internal.ExecutionsKt.executeWithBehaviours(executions.kt:11)
	at io.kotest.core.internal.TestCaseExecutor$executeAndWait$2$1$1$3$1.invokeSuspend(TestCaseExecutor.kt:222)
	at io.kotest.core.internal.TestCaseExecutor$executeAndWait$2$1$1$3$1.invoke(TestCaseExecutor.kt)
	at kotlinx.coroutines.intrinsics.UndispatchedKt.startUndispatchedOrReturn(Undispatched.kt:91)
	at kotlinx.coroutines.CoroutineScopeKt.coroutineScope(CoroutineScope.kt:194)
	at io.kotest.core.internal.TestCaseExecutor$executeAndWait$2$1$1$3.invokeSuspend(TestCaseExecutor.kt:216)
	at io.kotest.core.internal.TestCaseExecutor$executeAndWait$2$1$1$3.invoke(TestCaseExecutor.kt)
	at io.kotest.mpp.ReplayKt.replay(replay.kt:18)
	at io.kotest.core.internal.TestCaseExecutor$executeAndWait$2$1$1.invokeSuspend(TestCaseExecutor.kt:211)
	at io.kotest.core.internal.TestCaseExecutor$executeAndWait$2$1$1.invoke(TestCaseExecutor.kt)
	at kotlinx.coroutines.intrinsics.UndispatchedKt.startUndispatchedOrReturnIgnoreTimeout(Undispatched.kt:102)
	at kotlinx.coroutines.TimeoutKt.setupTimeout(Timeout.kt:120)
	at kotlinx.coroutines.TimeoutKt.withTimeout(Timeout.kt:37)
	at io.kotest.core.internal.TestCaseExecutor$executeAndWait$2$1.invokeSuspend(TestCaseExecutor.kt:210)
	at io.kotest.core.internal.TestCaseExecutor$executeAndWait$2$1.invoke(TestCaseExecutor.kt)
	at io.kotest.engine.ExecutorExecutionContext$executeWithTimeoutInterruption$$inlined$suspendCoroutine$lambda$2.invokeSuspend(ExecutorExecutionContext.kt:56)
	at kotlin.coroutines.jvm.internal.BaseContinuationImpl.resumeWith(ContinuationImpl.kt:33)
	at kotlinx.coroutines.DispatchedTask.run(DispatchedTask.kt:56)
	at kotlinx.coroutines.EventLoopImplBase.processNextEvent(EventLoop.common.kt:274)
	at kotlinx.coroutines.BlockingCoroutine.joinBlocking(Builders.kt:84)
	at kotlinx.coroutines.BuildersKt__BuildersKt.runBlocking(Builders.kt:59)
	at kotlinx.coroutines.BuildersKt.runBlocking(Unknown Source)
	at io.kotest.engine.ExecutorExecutionContext.executeWithTimeoutInterruption(ExecutorExecutionContext.kt:55)
	at io.kotest.core.internal.TestCaseExecutor$executeAndWait$2.invokeSuspend(TestCaseExecutor.kt:209)
	at io.kotest.core.internal.TestCaseExecutor$executeAndWait$2.invoke(TestCaseExecutor.kt)
	at kotlinx.coroutines.intrinsics.UndispatchedKt.startUndispatchedOrReturnIgnoreTimeout(Undispatched.kt:102)
	at kotlinx.coroutines.TimeoutKt.setupTimeout(Timeout.kt:120)
	at kotlinx.coroutines.TimeoutKt.withTimeout(Timeout.kt:37)
	at io.kotest.core.internal.TestCaseExecutor.executeAndWait(TestCaseExecutor.kt:207)
	at io.kotest.core.internal.TestCaseExecutor.invokeTestCase(TestCaseExecutor.kt:176)
	at io.kotest.core.internal.TestCaseExecutor.executeActiveTest(TestCaseExecutor.kt:145)
	at io.kotest.core.internal.TestCaseExecutor$intercept$innerExecute$1$1.invokeSuspend(TestCaseExecutor.kt:83)
	at io.kotest.core.internal.TestCaseExecutor$intercept$innerExecute$1$1.invoke(TestCaseExecutor.kt)
	at io.kotest.core.internal.TestCaseExecutor.executeIfActive(TestCaseExecutor.kt:109)
	at io.kotest.core.internal.TestCaseExecutor$intercept$innerExecute$1.invokeSuspend(TestCaseExecutor.kt:83)
	at io.kotest.core.internal.TestCaseExecutor$intercept$innerExecute$1.invoke(TestCaseExecutor.kt)
	at io.kotest.core.internal.TestCaseExecutor$intercept$execute$1$1$1.invokeSuspend(TestCaseExecutor.kt:92)
	at io.kotest.core.internal.TestCaseExecutor$intercept$execute$1$1$1.invoke(TestCaseExecutor.kt)
	at io.micronaut.test.extensions.kotest.MicronautKotestExtension.intercept(MicronautKotestExtension.kt:43)
	at io.kotest.core.internal.TestCaseExecutor$intercept$execute$1$1.invokeSuspend(TestCaseExecutor.kt:88)
	at io.kotest.core.internal.TestCaseExecutor$intercept$execute$1$1.invoke(TestCaseExecutor.kt)
	at io.kotest.core.internal.TestCaseExecutor.intercept(TestCaseExecutor.kt:97)
	at io.kotest.core.internal.TestCaseExecutor.execute(TestCaseExecutor.kt:63)
	at io.kotest.engine.runners.SingleInstanceSpecRunner.runTest(SingleInstanceSpecRunner.kt:73)
	at io.kotest.engine.runners.SingleInstanceSpecRunner$execute$2$invokeSuspend$$inlined$invoke$lambda$1.invokeSuspend(SingleInstanceSpecRunner.kt:83)
	at io.kotest.engine.runners.SingleInstanceSpecRunner$execute$2$invokeSuspend$$inlined$invoke$lambda$1.invoke(SingleInstanceSpecRunner.kt)
	at io.kotest.engine.spec.SpecRunner$runParallel$$inlined$map$lambda$2$1.invokeSuspend(SpecRunner.kt:80)
	at kotlin.coroutines.jvm.internal.BaseContinuationImpl.resumeWith(ContinuationImpl.kt:33)
	at kotlinx.coroutines.DispatchedTask.run(DispatchedTask.kt:56)
	at kotlinx.coroutines.EventLoopImplBase.processNextEvent(EventLoop.common.kt:274)
	at kotlinx.coroutines.BlockingCoroutine.joinBlocking(Builders.kt:84)
	at kotlinx.coroutines.BuildersKt__BuildersKt.runBlocking(Builders.kt:59)
	at kotlinx.coroutines.BuildersKt.runBlocking(Unknown Source)
	at kotlinx.coroutines.BuildersKt__BuildersKt.runBlocking$default(Builders.kt:38)
	at kotlinx.coroutines.BuildersKt.runBlocking$default(Unknown Source)
	at io.kotest.engine.spec.SpecRunner$runParallel$$inlined$map$lambda$2.run(SpecRunner.kt:79)
	at java.base/java.util.concurrent.Executors$RunnableAdapter.call(Executors.java:515)
	at java.base/java.util.concurrent.FutureTask.run(FutureTask.java:264)
	at java.base/java.util.concurrent.ThreadPoolExecutor.runWorker(ThreadPoolExecutor.java:1128)
	at java.base/java.util.concurrent.ThreadPoolExecutor$Worker.run(ThreadPoolExecutor.java:628)
	at java.base/java.lang.Thread.run(Thread.java:834)
</pre>
</span>
</div>
<div class="test">
<a name="есть ссылка на redoc документацию"></a>
<h3 class="failures">есть ссылка на redoc документацию</h3>
<span class="code">
<pre>org.opentest4j.AssertionFailedError: expected:&lt;true&gt; but was:&lt;false&gt;
	at tech.threecrabs.IndexTest$1$4.invokeSuspend(IndexTest.kt:32)
	at tech.threecrabs.IndexTest$1$4.invoke(IndexTest.kt)
	at io.kotest.core.internal.ExecutionsKt$executeWithBehaviours$2$1.invokeSuspend(executions.kt:13)
	at io.kotest.core.internal.ExecutionsKt$executeWithBehaviours$2$1.invoke(executions.kt)
	at io.kotest.core.internal.ExecutionsKt.wrapTestWithGlobalAssert(executions.kt:39)
	at io.kotest.core.internal.ExecutionsKt$executeWithBehaviours$2.invokeSuspend(executions.kt:12)
	at io.kotest.core.internal.ExecutionsKt$executeWithBehaviours$2.invoke(executions.kt)
	at io.kotest.core.internal.ExecutionsKt.wrapTestWithAssertionModeCheck(executions.kt:23)
	at io.kotest.core.internal.ExecutionsKt.executeWithBehaviours(executions.kt:11)
	at io.kotest.core.internal.TestCaseExecutor$executeAndWait$2$1$1$3$1.invokeSuspend(TestCaseExecutor.kt:222)
	at io.kotest.core.internal.TestCaseExecutor$executeAndWait$2$1$1$3$1.invoke(TestCaseExecutor.kt)
	at kotlinx.coroutines.intrinsics.UndispatchedKt.startUndispatchedOrReturn(Undispatched.kt:91)
	at kotlinx.coroutines.CoroutineScopeKt.coroutineScope(CoroutineScope.kt:194)
	at io.kotest.core.internal.TestCaseExecutor$executeAndWait$2$1$1$3.invokeSuspend(TestCaseExecutor.kt:216)
	at io.kotest.core.internal.TestCaseExecutor$executeAndWait$2$1$1$3.invoke(TestCaseExecutor.kt)
	at io.kotest.mpp.ReplayKt.replay(replay.kt:18)
	at io.kotest.core.internal.TestCaseExecutor$executeAndWait$2$1$1.invokeSuspend(TestCaseExecutor.kt:211)
	at io.kotest.core.internal.TestCaseExecutor$executeAndWait$2$1$1.invoke(TestCaseExecutor.kt)
	at kotlinx.coroutines.intrinsics.UndispatchedKt.startUndispatchedOrReturnIgnoreTimeout(Undispatched.kt:102)
	at kotlinx.coroutines.TimeoutKt.setupTimeout(Timeout.kt:120)
	at kotlinx.coroutines.TimeoutKt.withTimeout(Timeout.kt:37)
	at io.kotest.core.internal.TestCaseExecutor$executeAndWait$2$1.invokeSuspend(TestCaseExecutor.kt:210)
	at io.kotest.core.internal.TestCaseExecutor$executeAndWait$2$1.invoke(TestCaseExecutor.kt)
	at io.kotest.engine.ExecutorExecutionContext$executeWithTimeoutInterruption$$inlined$suspendCoroutine$lambda$2.invokeSuspend(ExecutorExecutionContext.kt:56)
	at kotlin.coroutines.jvm.internal.BaseContinuationImpl.resumeWith(ContinuationImpl.kt:33)
	at kotlinx.coroutines.DispatchedTask.run(DispatchedTask.kt:56)
	at kotlinx.coroutines.EventLoopImplBase.processNextEvent(EventLoop.common.kt:274)
	at kotlinx.coroutines.BlockingCoroutine.joinBlocking(Builders.kt:84)
	at kotlinx.coroutines.BuildersKt__BuildersKt.runBlocking(Builders.kt:59)
	at kotlinx.coroutines.BuildersKt.runBlocking(Unknown Source)
	at io.kotest.engine.ExecutorExecutionContext.executeWithTimeoutInterruption(ExecutorExecutionContext.kt:55)
	at io.kotest.core.internal.TestCaseExecutor$executeAndWait$2.invokeSuspend(TestCaseExecutor.kt:209)
	at io.kotest.core.internal.TestCaseExecutor$executeAndWait$2.invoke(TestCaseExecutor.kt)
	at kotlinx.coroutines.intrinsics.UndispatchedKt.startUndispatchedOrReturnIgnoreTimeout(Undispatched.kt:102)
	at kotlinx.coroutines.TimeoutKt.setupTimeout(Timeout.kt:120)
	at kotlinx.coroutines.TimeoutKt.withTimeout(Timeout.kt:37)
	at io.kotest.core.internal.TestCaseExecutor.executeAndWait(TestCaseExecutor.kt:207)
	at io.kotest.core.internal.TestCaseExecutor.invokeTestCase(TestCaseExecutor.kt:176)
	at io.kotest.core.internal.TestCaseExecutor.executeActiveTest(TestCaseExecutor.kt:145)
	at io.kotest.core.internal.TestCaseExecutor$intercept$innerExecute$1$1.invokeSuspend(TestCaseExecutor.kt:83)
	at io.kotest.core.internal.TestCaseExecutor$intercept$innerExecute$1$1.invoke(TestCaseExecutor.kt)
	at io.kotest.core.internal.TestCaseExecutor.executeIfActive(TestCaseExecutor.kt:109)
	at io.kotest.core.internal.TestCaseExecutor$intercept$innerExecute$1.invokeSuspend(TestCaseExecutor.kt:83)
	at io.kotest.core.internal.TestCaseExecutor$intercept$innerExecute$1.invoke(TestCaseExecutor.kt)
	at io.kotest.core.internal.TestCaseExecutor$intercept$execute$1$1$1.invokeSuspend(TestCaseExecutor.kt:92)
	at io.kotest.core.internal.TestCaseExecutor$intercept$execute$1$1$1.invoke(TestCaseExecutor.kt)
	at io.micronaut.test.extensions.kotest.MicronautKotestExtension.intercept(MicronautKotestExtension.kt:43)
	at io.kotest.core.internal.TestCaseExecutor$intercept$execute$1$1.invokeSuspend(TestCaseExecutor.kt:88)
	at io.kotest.core.internal.TestCaseExecutor$intercept$execute$1$1.invoke(TestCaseExecutor.kt)
	at io.kotest.core.internal.TestCaseExecutor.intercept(TestCaseExecutor.kt:97)
	at io.kotest.core.internal.TestCaseExecutor.execute(TestCaseExecutor.kt:63)
	at io.kotest.engine.runners.SingleInstanceSpecRunner.runTest(SingleInstanceSpecRunner.kt:73)
	at io.kotest.engine.runners.SingleInstanceSpecRunner$Context.registerTestCase(SingleInstanceSpecRunner.kt:51)
	at io.kotest.core.test.TestContextWithCoroutineContext.registerTestCase(TestContext.kt)
	at io.kotest.core.internal.TestCaseExecutor$executeAndWait$2$1$1$3$1$contextp$1.registerTestCase(TestCaseExecutor.kt:219)
	at io.kotest.core.test.TestContext$DefaultImpls.registerTestCase(TestContext.kt:40)
	at io.kotest.core.internal.TestCaseExecutor$executeAndWait$2$1$1$3$1$contextp$1.registerTestCase(TestCaseExecutor.kt:217)
	at io.kotest.core.spec.style.scopes.ContainerScope$DefaultImpls.addTest(ContainerScope.kt:77)
	at io.kotest.core.spec.style.scopes.FeatureScope.addTest(FeatureScope.kt:25)
	at io.kotest.core.spec.style.scopes.ContainerScope$DefaultImpls.addContainerTest(ContainerScope.kt:56)
	at io.kotest.core.spec.style.scopes.FeatureScope.addContainerTest(FeatureScope.kt:25)
	at io.kotest.core.spec.style.scopes.FeatureScope.scenario(FeatureScope.kt:64)
	at tech.threecrabs.IndexTest$1.invokeSuspend(IndexTest.kt:31)
	at tech.threecrabs.IndexTest$1.invoke(IndexTest.kt)
	at io.kotest.core.spec.style.scopes.FeatureSpecRootScope$addFeature$1.invokeSuspend(FeatureSpecRootScope.kt:20)
	at io.kotest.core.spec.style.scopes.FeatureSpecRootScope$addFeature$1.invoke(FeatureSpecRootScope.kt)
	at io.kotest.core.internal.ExecutionsKt$executeWithBehaviours$2$1.invokeSuspend(executions.kt:13)
	at io.kotest.core.internal.ExecutionsKt$executeWithBehaviours$2$1.invoke(executions.kt)
	at io.kotest.core.internal.ExecutionsKt.wrapTestWithGlobalAssert(executions.kt:39)
	at io.kotest.core.internal.ExecutionsKt$executeWithBehaviours$2.invokeSuspend(executions.kt:12)
	at io.kotest.core.internal.ExecutionsKt$executeWithBehaviours$2.invoke(executions.kt)
	at io.kotest.core.internal.ExecutionsKt.wrapTestWithAssertionModeCheck(executions.kt:23)
	at io.kotest.core.internal.ExecutionsKt.executeWithBehaviours(executions.kt:11)
	at io.kotest.core.internal.TestCaseExecutor$executeAndWait$2$1$1$3$1.invokeSuspend(TestCaseExecutor.kt:222)
	at io.kotest.core.internal.TestCaseExecutor$executeAndWait$2$1$1$3$1.invoke(TestCaseExecutor.kt)
	at kotlinx.coroutines.intrinsics.UndispatchedKt.startUndispatchedOrReturn(Undispatched.kt:91)
	at kotlinx.coroutines.CoroutineScopeKt.coroutineScope(CoroutineScope.kt:194)
	at io.kotest.core.internal.TestCaseExecutor$executeAndWait$2$1$1$3.invokeSuspend(TestCaseExecutor.kt:216)
	at io.kotest.core.internal.TestCaseExecutor$executeAndWait$2$1$1$3.invoke(TestCaseExecutor.kt)
	at io.kotest.mpp.ReplayKt.replay(replay.kt:18)
	at io.kotest.core.internal.TestCaseExecutor$executeAndWait$2$1$1.invokeSuspend(TestCaseExecutor.kt:211)
	at io.kotest.core.internal.TestCaseExecutor$executeAndWait$2$1$1.invoke(TestCaseExecutor.kt)
	at kotlinx.coroutines.intrinsics.UndispatchedKt.startUndispatchedOrReturnIgnoreTimeout(Undispatched.kt:102)
	at kotlinx.coroutines.TimeoutKt.setupTimeout(Timeout.kt:120)
	at kotlinx.coroutines.TimeoutKt.withTimeout(Timeout.kt:37)
	at io.kotest.core.internal.TestCaseExecutor$executeAndWait$2$1.invokeSuspend(TestCaseExecutor.kt:210)
	at io.kotest.core.internal.TestCaseExecutor$executeAndWait$2$1.invoke(TestCaseExecutor.kt)
	at io.kotest.engine.ExecutorExecutionContext$executeWithTimeoutInterruption$$inlined$suspendCoroutine$lambda$2.invokeSuspend(ExecutorExecutionContext.kt:56)
	at kotlin.coroutines.jvm.internal.BaseContinuationImpl.resumeWith(ContinuationImpl.kt:33)
	at kotlinx.coroutines.DispatchedTask.run(DispatchedTask.kt:56)
	at kotlinx.coroutines.EventLoopImplBase.processNextEvent(EventLoop.common.kt:274)
	at kotlinx.coroutines.BlockingCoroutine.joinBlocking(Builders.kt:84)
	at kotlinx.coroutines.BuildersKt__BuildersKt.runBlocking(Builders.kt:59)
	at kotlinx.coroutines.BuildersKt.runBlocking(Unknown Source)
	at io.kotest.engine.ExecutorExecutionContext.executeWithTimeoutInterruption(ExecutorExecutionContext.kt:55)
	at io.kotest.core.internal.TestCaseExecutor$executeAndWait$2.invokeSuspend(TestCaseExecutor.kt:209)
	at io.kotest.core.internal.TestCaseExecutor$executeAndWait$2.invoke(TestCaseExecutor.kt)
	at kotlinx.coroutines.intrinsics.UndispatchedKt.startUndispatchedOrReturnIgnoreTimeout(Undispatched.kt:102)
	at kotlinx.coroutines.TimeoutKt.setupTimeout(Timeout.kt:120)
	at kotlinx.coroutines.TimeoutKt.withTimeout(Timeout.kt:37)
	at io.kotest.core.internal.TestCaseExecutor.executeAndWait(TestCaseExecutor.kt:207)
	at io.kotest.core.internal.TestCaseExecutor.invokeTestCase(TestCaseExecutor.kt:176)
	at io.kotest.core.internal.TestCaseExecutor.executeActiveTest(TestCaseExecutor.kt:145)
	at io.kotest.core.internal.TestCaseExecutor$intercept$innerExecute$1$1.invokeSuspend(TestCaseExecutor.kt:83)
	at io.kotest.core.internal.TestCaseExecutor$intercept$innerExecute$1$1.invoke(TestCaseExecutor.kt)
	at io.kotest.core.internal.TestCaseExecutor.executeIfActive(TestCaseExecutor.kt:109)
	at io.kotest.core.internal.TestCaseExecutor$intercept$innerExecute$1.invokeSuspend(TestCaseExecutor.kt:83)
	at io.kotest.core.internal.TestCaseExecutor$intercept$innerExecute$1.invoke(TestCaseExecutor.kt)
	at io.kotest.core.internal.TestCaseExecutor$intercept$execute$1$1$1.invokeSuspend(TestCaseExecutor.kt:92)
	at io.kotest.core.internal.TestCaseExecutor$intercept$execute$1$1$1.invoke(TestCaseExecutor.kt)
	at io.micronaut.test.extensions.kotest.MicronautKotestExtension.intercept(MicronautKotestExtension.kt:43)
	at io.kotest.core.internal.TestCaseExecutor$intercept$execute$1$1.invokeSuspend(TestCaseExecutor.kt:88)
	at io.kotest.core.internal.TestCaseExecutor$intercept$execute$1$1.invoke(TestCaseExecutor.kt)
	at io.kotest.core.internal.TestCaseExecutor.intercept(TestCaseExecutor.kt:97)
	at io.kotest.core.internal.TestCaseExecutor.execute(TestCaseExecutor.kt:63)
	at io.kotest.engine.runners.SingleInstanceSpecRunner.runTest(SingleInstanceSpecRunner.kt:73)
	at io.kotest.engine.runners.SingleInstanceSpecRunner$execute$2$invokeSuspend$$inlined$invoke$lambda$1.invokeSuspend(SingleInstanceSpecRunner.kt:83)
	at io.kotest.engine.runners.SingleInstanceSpecRunner$execute$2$invokeSuspend$$inlined$invoke$lambda$1.invoke(SingleInstanceSpecRunner.kt)
	at io.kotest.engine.spec.SpecRunner$runParallel$$inlined$map$lambda$2$1.invokeSuspend(SpecRunner.kt:80)
	at kotlin.coroutines.jvm.internal.BaseContinuationImpl.resumeWith(ContinuationImpl.kt:33)
	at kotlinx.coroutines.DispatchedTask.run(DispatchedTask.kt:56)
	at kotlinx.coroutines.EventLoopImplBase.processNextEvent(EventLoop.common.kt:274)
	at kotlinx.coroutines.BlockingCoroutine.joinBlocking(Builders.kt:84)
	at kotlinx.coroutines.BuildersKt__BuildersKt.runBlocking(Builders.kt:59)
	at kotlinx.coroutines.BuildersKt.runBlocking(Unknown Source)
	at kotlinx.coroutines.BuildersKt__BuildersKt.runBlocking$default(Builders.kt:38)
	at kotlinx.coroutines.BuildersKt.runBlocking$default(Unknown Source)
	at io.kotest.engine.spec.SpecRunner$runParallel$$inlined$map$lambda$2.run(SpecRunner.kt:79)
	at java.base/java.util.concurrent.Executors$RunnableAdapter.call(Executors.java:515)
	at java.base/java.util.concurrent.FutureTask.run(FutureTask.java:264)
	at java.base/java.util.concurrent.ThreadPoolExecutor.runWorker(ThreadPoolExecutor.java:1128)
	at java.base/java.util.concurrent.ThreadPoolExecutor$Worker.run(ThreadPoolExecutor.java:628)
	at java.base/java.lang.Thread.run(Thread.java:834)
</pre>
</span>
</div>
<div class="test">
<a name="есть ссылка на swagger документацию"></a>
<h3 class="failures">есть ссылка на swagger документацию</h3>
<span class="code">
<pre>org.opentest4j.AssertionFailedError: expected:&lt;true&gt; but was:&lt;false&gt;
	at tech.threecrabs.IndexTest$1$3.invokeSuspend(IndexTest.kt:28)
	at tech.threecrabs.IndexTest$1$3.invoke(IndexTest.kt)
	at io.kotest.core.internal.ExecutionsKt$executeWithBehaviours$2$1.invokeSuspend(executions.kt:13)
	at io.kotest.core.internal.ExecutionsKt$executeWithBehaviours$2$1.invoke(executions.kt)
	at io.kotest.core.internal.ExecutionsKt.wrapTestWithGlobalAssert(executions.kt:39)
	at io.kotest.core.internal.ExecutionsKt$executeWithBehaviours$2.invokeSuspend(executions.kt:12)
	at io.kotest.core.internal.ExecutionsKt$executeWithBehaviours$2.invoke(executions.kt)
	at io.kotest.core.internal.ExecutionsKt.wrapTestWithAssertionModeCheck(executions.kt:23)
	at io.kotest.core.internal.ExecutionsKt.executeWithBehaviours(executions.kt:11)
	at io.kotest.core.internal.TestCaseExecutor$executeAndWait$2$1$1$3$1.invokeSuspend(TestCaseExecutor.kt:222)
	at io.kotest.core.internal.TestCaseExecutor$executeAndWait$2$1$1$3$1.invoke(TestCaseExecutor.kt)
	at kotlinx.coroutines.intrinsics.UndispatchedKt.startUndispatchedOrReturn(Undispatched.kt:91)
	at kotlinx.coroutines.CoroutineScopeKt.coroutineScope(CoroutineScope.kt:194)
	at io.kotest.core.internal.TestCaseExecutor$executeAndWait$2$1$1$3.invokeSuspend(TestCaseExecutor.kt:216)
	at io.kotest.core.internal.TestCaseExecutor$executeAndWait$2$1$1$3.invoke(TestCaseExecutor.kt)
	at io.kotest.mpp.ReplayKt.replay(replay.kt:18)
	at io.kotest.core.internal.TestCaseExecutor$executeAndWait$2$1$1.invokeSuspend(TestCaseExecutor.kt:211)
	at io.kotest.core.internal.TestCaseExecutor$executeAndWait$2$1$1.invoke(TestCaseExecutor.kt)
	at kotlinx.coroutines.intrinsics.UndispatchedKt.startUndispatchedOrReturnIgnoreTimeout(Undispatched.kt:102)
	at kotlinx.coroutines.TimeoutKt.setupTimeout(Timeout.kt:120)
	at kotlinx.coroutines.TimeoutKt.withTimeout(Timeout.kt:37)
	at io.kotest.core.internal.TestCaseExecutor$executeAndWait$2$1.invokeSuspend(TestCaseExecutor.kt:210)
	at io.kotest.core.internal.TestCaseExecutor$executeAndWait$2$1.invoke(TestCaseExecutor.kt)
	at io.kotest.engine.ExecutorExecutionContext$executeWithTimeoutInterruption$$inlined$suspendCoroutine$lambda$2.invokeSuspend(ExecutorExecutionContext.kt:56)
	at kotlin.coroutines.jvm.internal.BaseContinuationImpl.resumeWith(ContinuationImpl.kt:33)
	at kotlinx.coroutines.DispatchedTask.run(DispatchedTask.kt:56)
	at kotlinx.coroutines.EventLoopImplBase.processNextEvent(EventLoop.common.kt:274)
	at kotlinx.coroutines.BlockingCoroutine.joinBlocking(Builders.kt:84)
	at kotlinx.coroutines.BuildersKt__BuildersKt.runBlocking(Builders.kt:59)
	at kotlinx.coroutines.BuildersKt.runBlocking(Unknown Source)
	at io.kotest.engine.ExecutorExecutionContext.executeWithTimeoutInterruption(ExecutorExecutionContext.kt:55)
	at io.kotest.core.internal.TestCaseExecutor$executeAndWait$2.invokeSuspend(TestCaseExecutor.kt:209)
	at io.kotest.core.internal.TestCaseExecutor$executeAndWait$2.invoke(TestCaseExecutor.kt)
	at kotlinx.coroutines.intrinsics.UndispatchedKt.startUndispatchedOrReturnIgnoreTimeout(Undispatched.kt:102)
	at kotlinx.coroutines.TimeoutKt.setupTimeout(Timeout.kt:120)
	at kotlinx.coroutines.TimeoutKt.withTimeout(Timeout.kt:37)
	at io.kotest.core.internal.TestCaseExecutor.executeAndWait(TestCaseExecutor.kt:207)
	at io.kotest.core.internal.TestCaseExecutor.invokeTestCase(TestCaseExecutor.kt:176)
	at io.kotest.core.internal.TestCaseExecutor.executeActiveTest(TestCaseExecutor.kt:145)
	at io.kotest.core.internal.TestCaseExecutor$intercept$innerExecute$1$1.invokeSuspend(TestCaseExecutor.kt:83)
	at io.kotest.core.internal.TestCaseExecutor$intercept$innerExecute$1$1.invoke(TestCaseExecutor.kt)
	at io.kotest.core.internal.TestCaseExecutor.executeIfActive(TestCaseExecutor.kt:109)
	at io.kotest.core.internal.TestCaseExecutor$intercept$innerExecute$1.invokeSuspend(TestCaseExecutor.kt:83)
	at io.kotest.core.internal.TestCaseExecutor$intercept$innerExecute$1.invoke(TestCaseExecutor.kt)
	at io.kotest.core.internal.TestCaseExecutor$intercept$execute$1$1$1.invokeSuspend(TestCaseExecutor.kt:92)
	at io.kotest.core.internal.TestCaseExecutor$intercept$execute$1$1$1.invoke(TestCaseExecutor.kt)
	at io.micronaut.test.extensions.kotest.MicronautKotestExtension.intercept(MicronautKotestExtension.kt:43)
	at io.kotest.core.internal.TestCaseExecutor$intercept$execute$1$1.invokeSuspend(TestCaseExecutor.kt:88)
	at io.kotest.core.internal.TestCaseExecutor$intercept$execute$1$1.invoke(TestCaseExecutor.kt)
	at io.kotest.core.internal.TestCaseExecutor.intercept(TestCaseExecutor.kt:97)
	at io.kotest.core.internal.TestCaseExecutor.execute(TestCaseExecutor.kt:63)
	at io.kotest.engine.runners.SingleInstanceSpecRunner.runTest(SingleInstanceSpecRunner.kt:73)
	at io.kotest.engine.runners.SingleInstanceSpecRunner$Context.registerTestCase(SingleInstanceSpecRunner.kt:51)
	at io.kotest.core.test.TestContextWithCoroutineContext.registerTestCase(TestContext.kt)
	at io.kotest.core.internal.TestCaseExecutor$executeAndWait$2$1$1$3$1$contextp$1.registerTestCase(TestCaseExecutor.kt:219)
	at io.kotest.core.test.TestContext$DefaultImpls.registerTestCase(TestContext.kt:40)
	at io.kotest.core.internal.TestCaseExecutor$executeAndWait$2$1$1$3$1$contextp$1.registerTestCase(TestCaseExecutor.kt:217)
	at io.kotest.core.spec.style.scopes.ContainerScope$DefaultImpls.addTest(ContainerScope.kt:77)
	at io.kotest.core.spec.style.scopes.FeatureScope.addTest(FeatureScope.kt:25)
	at io.kotest.core.spec.style.scopes.ContainerScope$DefaultImpls.addContainerTest(ContainerScope.kt:56)
	at io.kotest.core.spec.style.scopes.FeatureScope.addContainerTest(FeatureScope.kt:25)
	at io.kotest.core.spec.style.scopes.FeatureScope.scenario(FeatureScope.kt:64)
	at tech.threecrabs.IndexTest$1.invokeSuspend(IndexTest.kt:27)
	at tech.threecrabs.IndexTest$1.invoke(IndexTest.kt)
	at io.kotest.core.spec.style.scopes.FeatureSpecRootScope$addFeature$1.invokeSuspend(FeatureSpecRootScope.kt:20)
	at io.kotest.core.spec.style.scopes.FeatureSpecRootScope$addFeature$1.invoke(FeatureSpecRootScope.kt)
	at io.kotest.core.internal.ExecutionsKt$executeWithBehaviours$2$1.invokeSuspend(executions.kt:13)
	at io.kotest.core.internal.ExecutionsKt$executeWithBehaviours$2$1.invoke(executions.kt)
	at io.kotest.core.internal.ExecutionsKt.wrapTestWithGlobalAssert(executions.kt:39)
	at io.kotest.core.internal.ExecutionsKt$executeWithBehaviours$2.invokeSuspend(executions.kt:12)
	at io.kotest.core.internal.ExecutionsKt$executeWithBehaviours$2.invoke(executions.kt)
	at io.kotest.core.internal.ExecutionsKt.wrapTestWithAssertionModeCheck(executions.kt:23)
	at io.kotest.core.internal.ExecutionsKt.executeWithBehaviours(executions.kt:11)
	at io.kotest.core.internal.TestCaseExecutor$executeAndWait$2$1$1$3$1.invokeSuspend(TestCaseExecutor.kt:222)
	at io.kotest.core.internal.TestCaseExecutor$executeAndWait$2$1$1$3$1.invoke(TestCaseExecutor.kt)
	at kotlinx.coroutines.intrinsics.UndispatchedKt.startUndispatchedOrReturn(Undispatched.kt:91)
	at kotlinx.coroutines.CoroutineScopeKt.coroutineScope(CoroutineScope.kt:194)
	at io.kotest.core.internal.TestCaseExecutor$executeAndWait$2$1$1$3.invokeSuspend(TestCaseExecutor.kt:216)
	at io.kotest.core.internal.TestCaseExecutor$executeAndWait$2$1$1$3.invoke(TestCaseExecutor.kt)
	at io.kotest.mpp.ReplayKt.replay(replay.kt:18)
	at io.kotest.core.internal.TestCaseExecutor$executeAndWait$2$1$1.invokeSuspend(TestCaseExecutor.kt:211)
	at io.kotest.core.internal.TestCaseExecutor$executeAndWait$2$1$1.invoke(TestCaseExecutor.kt)
	at kotlinx.coroutines.intrinsics.UndispatchedKt.startUndispatchedOrReturnIgnoreTimeout(Undispatched.kt:102)
	at kotlinx.coroutines.TimeoutKt.setupTimeout(Timeout.kt:120)
	at kotlinx.coroutines.TimeoutKt.withTimeout(Timeout.kt:37)
	at io.kotest.core.internal.TestCaseExecutor$executeAndWait$2$1.invokeSuspend(TestCaseExecutor.kt:210)
	at io.kotest.core.internal.TestCaseExecutor$executeAndWait$2$1.invoke(TestCaseExecutor.kt)
	at io.kotest.engine.ExecutorExecutionContext$executeWithTimeoutInterruption$$inlined$suspendCoroutine$lambda$2.invokeSuspend(ExecutorExecutionContext.kt:56)
	at kotlin.coroutines.jvm.internal.BaseContinuationImpl.resumeWith(ContinuationImpl.kt:33)
	at kotlinx.coroutines.DispatchedTask.run(DispatchedTask.kt:56)
	at kotlinx.coroutines.EventLoopImplBase.processNextEvent(EventLoop.common.kt:274)
	at kotlinx.coroutines.BlockingCoroutine.joinBlocking(Builders.kt:84)
	at kotlinx.coroutines.BuildersKt__BuildersKt.runBlocking(Builders.kt:59)
	at kotlinx.coroutines.BuildersKt.runBlocking(Unknown Source)
	at io.kotest.engine.ExecutorExecutionContext.executeWithTimeoutInterruption(ExecutorExecutionContext.kt:55)
	at io.kotest.core.internal.TestCaseExecutor$executeAndWait$2.invokeSuspend(TestCaseExecutor.kt:209)
	at io.kotest.core.internal.TestCaseExecutor$executeAndWait$2.invoke(TestCaseExecutor.kt)
	at kotlinx.coroutines.intrinsics.UndispatchedKt.startUndispatchedOrReturnIgnoreTimeout(Undispatched.kt:102)
	at kotlinx.coroutines.TimeoutKt.setupTimeout(Timeout.kt:120)
	at kotlinx.coroutines.TimeoutKt.withTimeout(Timeout.kt:37)
	at io.kotest.core.internal.TestCaseExecutor.executeAndWait(TestCaseExecutor.kt:207)
	at io.kotest.core.internal.TestCaseExecutor.invokeTestCase(TestCaseExecutor.kt:176)
	at io.kotest.core.internal.TestCaseExecutor.executeActiveTest(TestCaseExecutor.kt:145)
	at io.kotest.core.internal.TestCaseExecutor$intercept$innerExecute$1$1.invokeSuspend(TestCaseExecutor.kt:83)
	at io.kotest.core.internal.TestCaseExecutor$intercept$innerExecute$1$1.invoke(TestCaseExecutor.kt)
	at io.kotest.core.internal.TestCaseExecutor.executeIfActive(TestCaseExecutor.kt:109)
	at io.kotest.core.internal.TestCaseExecutor$intercept$innerExecute$1.invokeSuspend(TestCaseExecutor.kt:83)
	at io.kotest.core.internal.TestCaseExecutor$intercept$innerExecute$1.invoke(TestCaseExecutor.kt)
	at io.kotest.core.internal.TestCaseExecutor$intercept$execute$1$1$1.invokeSuspend(TestCaseExecutor.kt:92)
	at io.kotest.core.internal.TestCaseExecutor$intercept$execute$1$1$1.invoke(TestCaseExecutor.kt)
	at io.micronaut.test.extensions.kotest.MicronautKotestExtension.intercept(MicronautKotestExtension.kt:43)
	at io.kotest.core.internal.TestCaseExecutor$intercept$execute$1$1.invokeSuspend(TestCaseExecutor.kt:88)
	at io.kotest.core.internal.TestCaseExecutor$intercept$execute$1$1.invoke(TestCaseExecutor.kt)
	at io.kotest.core.internal.TestCaseExecutor.intercept(TestCaseExecutor.kt:97)
	at io.kotest.core.internal.TestCaseExecutor.execute(TestCaseExecutor.kt:63)
	at io.kotest.engine.runners.SingleInstanceSpecRunner.runTest(SingleInstanceSpecRunner.kt:73)
	at io.kotest.engine.runners.SingleInstanceSpecRunner$execute$2$invokeSuspend$$inlined$invoke$lambda$1.invokeSuspend(SingleInstanceSpecRunner.kt:83)
	at io.kotest.engine.runners.SingleInstanceSpecRunner$execute$2$invokeSuspend$$inlined$invoke$lambda$1.invoke(SingleInstanceSpecRunner.kt)
	at io.kotest.engine.spec.SpecRunner$runParallel$$inlined$map$lambda$2$1.invokeSuspend(SpecRunner.kt:80)
	at kotlin.coroutines.jvm.internal.BaseContinuationImpl.resumeWith(ContinuationImpl.kt:33)
	at kotlinx.coroutines.DispatchedTask.run(DispatchedTask.kt:56)
	at kotlinx.coroutines.EventLoopImplBase.processNextEvent(EventLoop.common.kt:274)
	at kotlinx.coroutines.BlockingCoroutine.joinBlocking(Builders.kt:84)
	at kotlinx.coroutines.BuildersKt__BuildersKt.runBlocking(Builders.kt:59)
	at kotlinx.coroutines.BuildersKt.runBlocking(Unknown Source)
	at kotlinx.coroutines.BuildersKt__BuildersKt.runBlocking$default(Builders.kt:38)
	at kotlinx.coroutines.BuildersKt.runBlocking$default(Unknown Source)
	at io.kotest.engine.spec.SpecRunner$runParallel$$inlined$map$lambda$2.run(SpecRunner.kt:79)
	at java.base/java.util.concurrent.Executors$RunnableAdapter.call(Executors.java:515)
	at java.base/java.util.concurrent.FutureTask.run(FutureTask.java:264)
	at java.base/java.util.concurrent.ThreadPoolExecutor.runWorker(ThreadPoolExecutor.java:1128)
	at java.base/java.util.concurrent.ThreadPoolExecutor$Worker.run(ThreadPoolExecutor.java:628)
	at java.base/java.lang.Thread.run(Thread.java:834)
</pre>
</span>
</div>
<div class="test">
<a name="существует"></a>
<h3 class="failures">существует</h3>
<span class="code">
<pre>org.opentest4j.AssertionFailedError: expected:&lt;OK&gt; but was:&lt;NOT_FOUND&gt;
	at tech.threecrabs.IndexTest$1$1.invokeSuspend(IndexTest.kt:20)
	at tech.threecrabs.IndexTest$1$1.invoke(IndexTest.kt)
	at io.kotest.core.internal.ExecutionsKt$executeWithBehaviours$2$1.invokeSuspend(executions.kt:13)
	at io.kotest.core.internal.ExecutionsKt$executeWithBehaviours$2$1.invoke(executions.kt)
	at io.kotest.core.internal.ExecutionsKt.wrapTestWithGlobalAssert(executions.kt:39)
	at io.kotest.core.internal.ExecutionsKt$executeWithBehaviours$2.invokeSuspend(executions.kt:12)
	at io.kotest.core.internal.ExecutionsKt$executeWithBehaviours$2.invoke(executions.kt)
	at io.kotest.core.internal.ExecutionsKt.wrapTestWithAssertionModeCheck(executions.kt:23)
	at io.kotest.core.internal.ExecutionsKt.executeWithBehaviours(executions.kt:11)
	at io.kotest.core.internal.TestCaseExecutor$executeAndWait$2$1$1$3$1.invokeSuspend(TestCaseExecutor.kt:222)
	at io.kotest.core.internal.TestCaseExecutor$executeAndWait$2$1$1$3$1.invoke(TestCaseExecutor.kt)
	at kotlinx.coroutines.intrinsics.UndispatchedKt.startUndispatchedOrReturn(Undispatched.kt:91)
	at kotlinx.coroutines.CoroutineScopeKt.coroutineScope(CoroutineScope.kt:194)
	at io.kotest.core.internal.TestCaseExecutor$executeAndWait$2$1$1$3.invokeSuspend(TestCaseExecutor.kt:216)
	at io.kotest.core.internal.TestCaseExecutor$executeAndWait$2$1$1$3.invoke(TestCaseExecutor.kt)
	at io.kotest.mpp.ReplayKt.replay(replay.kt:18)
	at io.kotest.core.internal.TestCaseExecutor$executeAndWait$2$1$1.invokeSuspend(TestCaseExecutor.kt:211)
	at io.kotest.core.internal.TestCaseExecutor$executeAndWait$2$1$1.invoke(TestCaseExecutor.kt)
	at kotlinx.coroutines.intrinsics.UndispatchedKt.startUndispatchedOrReturnIgnoreTimeout(Undispatched.kt:102)
	at kotlinx.coroutines.TimeoutKt.setupTimeout(Timeout.kt:120)
	at kotlinx.coroutines.TimeoutKt.withTimeout(Timeout.kt:37)
	at io.kotest.core.internal.TestCaseExecutor$executeAndWait$2$1.invokeSuspend(TestCaseExecutor.kt:210)
	at io.kotest.core.internal.TestCaseExecutor$executeAndWait$2$1.invoke(TestCaseExecutor.kt)
	at io.kotest.engine.ExecutorExecutionContext$executeWithTimeoutInterruption$$inlined$suspendCoroutine$lambda$2.invokeSuspend(ExecutorExecutionContext.kt:56)
	at kotlin.coroutines.jvm.internal.BaseContinuationImpl.resumeWith(ContinuationImpl.kt:33)
	at kotlinx.coroutines.DispatchedTask.run(DispatchedTask.kt:56)
	at kotlinx.coroutines.EventLoopImplBase.processNextEvent(EventLoop.common.kt:274)
	at kotlinx.coroutines.BlockingCoroutine.joinBlocking(Builders.kt:84)
	at kotlinx.coroutines.BuildersKt__BuildersKt.runBlocking(Builders.kt:59)
	at kotlinx.coroutines.BuildersKt.runBlocking(Unknown Source)
	at io.kotest.engine.ExecutorExecutionContext.executeWithTimeoutInterruption(ExecutorExecutionContext.kt:55)
	at io.kotest.core.internal.TestCaseExecutor$executeAndWait$2.invokeSuspend(TestCaseExecutor.kt:209)
	at io.kotest.core.internal.TestCaseExecutor$executeAndWait$2.invoke(TestCaseExecutor.kt)
	at kotlinx.coroutines.intrinsics.UndispatchedKt.startUndispatchedOrReturnIgnoreTimeout(Undispatched.kt:102)
	at kotlinx.coroutines.TimeoutKt.setupTimeout(Timeout.kt:120)
	at kotlinx.coroutines.TimeoutKt.withTimeout(Timeout.kt:37)
	at io.kotest.core.internal.TestCaseExecutor.executeAndWait(TestCaseExecutor.kt:207)
	at io.kotest.core.internal.TestCaseExecutor.invokeTestCase(TestCaseExecutor.kt:176)
	at io.kotest.core.internal.TestCaseExecutor.executeActiveTest(TestCaseExecutor.kt:145)
	at io.kotest.core.internal.TestCaseExecutor$intercept$innerExecute$1$1.invokeSuspend(TestCaseExecutor.kt:83)
	at io.kotest.core.internal.TestCaseExecutor$intercept$innerExecute$1$1.invoke(TestCaseExecutor.kt)
	at io.kotest.core.internal.TestCaseExecutor.executeIfActive(TestCaseExecutor.kt:109)
	at io.kotest.core.internal.TestCaseExecutor$intercept$innerExecute$1.invokeSuspend(TestCaseExecutor.kt:83)
	at io.kotest.core.internal.TestCaseExecutor$intercept$innerExecute$1.invoke(TestCaseExecutor.kt)
	at io.kotest.core.internal.TestCaseExecutor$intercept$execute$1$1$1.invokeSuspend(TestCaseExecutor.kt:92)
	at io.kotest.core.internal.TestCaseExecutor$intercept$execute$1$1$1.invoke(TestCaseExecutor.kt)
	at io.micronaut.test.extensions.kotest.MicronautKotestExtension.intercept(MicronautKotestExtension.kt:43)
	at io.kotest.core.internal.TestCaseExecutor$intercept$execute$1$1.invokeSuspend(TestCaseExecutor.kt:88)
	at io.kotest.core.internal.TestCaseExecutor$intercept$execute$1$1.invoke(TestCaseExecutor.kt)
	at io.kotest.core.internal.TestCaseExecutor.intercept(TestCaseExecutor.kt:97)
	at io.kotest.core.internal.TestCaseExecutor.execute(TestCaseExecutor.kt:63)
	at io.kotest.engine.runners.SingleInstanceSpecRunner.runTest(SingleInstanceSpecRunner.kt:73)
	at io.kotest.engine.runners.SingleInstanceSpecRunner$Context.registerTestCase(SingleInstanceSpecRunner.kt:51)
	at io.kotest.core.test.TestContextWithCoroutineContext.registerTestCase(TestContext.kt)
	at io.kotest.core.internal.TestCaseExecutor$executeAndWait$2$1$1$3$1$contextp$1.registerTestCase(TestCaseExecutor.kt:219)
	at io.kotest.core.test.TestContext$DefaultImpls.registerTestCase(TestContext.kt:40)
	at io.kotest.core.internal.TestCaseExecutor$executeAndWait$2$1$1$3$1$contextp$1.registerTestCase(TestCaseExecutor.kt:217)
	at io.kotest.core.spec.style.scopes.ContainerScope$DefaultImpls.addTest(ContainerScope.kt:77)
	at io.kotest.core.spec.style.scopes.FeatureScope.addTest(FeatureScope.kt:25)
	at io.kotest.core.spec.style.scopes.ContainerScope$DefaultImpls.addContainerTest(ContainerScope.kt:56)
	at io.kotest.core.spec.style.scopes.FeatureScope.addContainerTest(FeatureScope.kt:25)
	at io.kotest.core.spec.style.scopes.FeatureScope.scenario(FeatureScope.kt:64)
	at tech.threecrabs.IndexTest$1.invokeSuspend(IndexTest.kt:19)
	at tech.threecrabs.IndexTest$1.invoke(IndexTest.kt)
	at io.kotest.core.spec.style.scopes.FeatureSpecRootScope$addFeature$1.invokeSuspend(FeatureSpecRootScope.kt:20)
	at io.kotest.core.spec.style.scopes.FeatureSpecRootScope$addFeature$1.invoke(FeatureSpecRootScope.kt)
	at io.kotest.core.internal.ExecutionsKt$executeWithBehaviours$2$1.invokeSuspend(executions.kt:13)
	at io.kotest.core.internal.ExecutionsKt$executeWithBehaviours$2$1.invoke(executions.kt)
	at io.kotest.core.internal.ExecutionsKt.wrapTestWithGlobalAssert(executions.kt:39)
	at io.kotest.core.internal.ExecutionsKt$executeWithBehaviours$2.invokeSuspend(executions.kt:12)
	at io.kotest.core.internal.ExecutionsKt$executeWithBehaviours$2.invoke(executions.kt)
	at io.kotest.core.internal.ExecutionsKt.wrapTestWithAssertionModeCheck(executions.kt:23)
	at io.kotest.core.internal.ExecutionsKt.executeWithBehaviours(executions.kt:11)
	at io.kotest.core.internal.TestCaseExecutor$executeAndWait$2$1$1$3$1.invokeSuspend(TestCaseExecutor.kt:222)
	at io.kotest.core.internal.TestCaseExecutor$executeAndWait$2$1$1$3$1.invoke(TestCaseExecutor.kt)
	at kotlinx.coroutines.intrinsics.UndispatchedKt.startUndispatchedOrReturn(Undispatched.kt:91)
	at kotlinx.coroutines.CoroutineScopeKt.coroutineScope(CoroutineScope.kt:194)
	at io.kotest.core.internal.TestCaseExecutor$executeAndWait$2$1$1$3.invokeSuspend(TestCaseExecutor.kt:216)
	at io.kotest.core.internal.TestCaseExecutor$executeAndWait$2$1$1$3.invoke(TestCaseExecutor.kt)
	at io.kotest.mpp.ReplayKt.replay(replay.kt:18)
	at io.kotest.core.internal.TestCaseExecutor$executeAndWait$2$1$1.invokeSuspend(TestCaseExecutor.kt:211)
	at io.kotest.core.internal.TestCaseExecutor$executeAndWait$2$1$1.invoke(TestCaseExecutor.kt)
	at kotlinx.coroutines.intrinsics.UndispatchedKt.startUndispatchedOrReturnIgnoreTimeout(Undispatched.kt:102)
	at kotlinx.coroutines.TimeoutKt.setupTimeout(Timeout.kt:120)
	at kotlinx.coroutines.TimeoutKt.withTimeout(Timeout.kt:37)
	at io.kotest.core.internal.TestCaseExecutor$executeAndWait$2$1.invokeSuspend(TestCaseExecutor.kt:210)
	at io.kotest.core.internal.TestCaseExecutor$executeAndWait$2$1.invoke(TestCaseExecutor.kt)
	at io.kotest.engine.ExecutorExecutionContext$executeWithTimeoutInterruption$$inlined$suspendCoroutine$lambda$2.invokeSuspend(ExecutorExecutionContext.kt:56)
	at kotlin.coroutines.jvm.internal.BaseContinuationImpl.resumeWith(ContinuationImpl.kt:33)
	at kotlinx.coroutines.DispatchedTask.run(DispatchedTask.kt:56)
	at kotlinx.coroutines.EventLoopImplBase.processNextEvent(EventLoop.common.kt:274)
	at kotlinx.coroutines.BlockingCoroutine.joinBlocking(Builders.kt:84)
	at kotlinx.coroutines.BuildersKt__BuildersKt.runBlocking(Builders.kt:59)
	at kotlinx.coroutines.BuildersKt.runBlocking(Unknown Source)
	at io.kotest.engine.ExecutorExecutionContext.executeWithTimeoutInterruption(ExecutorExecutionContext.kt:55)
	at io.kotest.core.internal.TestCaseExecutor$executeAndWait$2.invokeSuspend(TestCaseExecutor.kt:209)
	at io.kotest.core.internal.TestCaseExecutor$executeAndWait$2.invoke(TestCaseExecutor.kt)
	at kotlinx.coroutines.intrinsics.UndispatchedKt.startUndispatchedOrReturnIgnoreTimeout(Undispatched.kt:102)
	at kotlinx.coroutines.TimeoutKt.setupTimeout(Timeout.kt:120)
	at kotlinx.coroutines.TimeoutKt.withTimeout(Timeout.kt:37)
	at io.kotest.core.internal.TestCaseExecutor.executeAndWait(TestCaseExecutor.kt:207)
	at io.kotest.core.internal.TestCaseExecutor.invokeTestCase(TestCaseExecutor.kt:176)
	at io.kotest.core.internal.TestCaseExecutor.executeActiveTest(TestCaseExecutor.kt:145)
	at io.kotest.core.internal.TestCaseExecutor$intercept$innerExecute$1$1.invokeSuspend(TestCaseExecutor.kt:83)
	at io.kotest.core.internal.TestCaseExecutor$intercept$innerExecute$1$1.invoke(TestCaseExecutor.kt)
	at io.kotest.core.internal.TestCaseExecutor.executeIfActive(TestCaseExecutor.kt:109)
	at io.kotest.core.internal.TestCaseExecutor$intercept$innerExecute$1.invokeSuspend(TestCaseExecutor.kt:83)
	at io.kotest.core.internal.TestCaseExecutor$intercept$innerExecute$1.invoke(TestCaseExecutor.kt)
	at io.kotest.core.internal.TestCaseExecutor$intercept$execute$1$1$1.invokeSuspend(TestCaseExecutor.kt:92)
	at io.kotest.core.internal.TestCaseExecutor$intercept$execute$1$1$1.invoke(TestCaseExecutor.kt)
	at io.micronaut.test.extensions.kotest.MicronautKotestExtension.intercept(MicronautKotestExtension.kt:43)
	at io.kotest.core.internal.TestCaseExecutor$intercept$execute$1$1.invokeSuspend(TestCaseExecutor.kt:88)
	at io.kotest.core.internal.TestCaseExecutor$intercept$execute$1$1.invoke(TestCaseExecutor.kt)
	at io.kotest.core.internal.TestCaseExecutor.intercept(TestCaseExecutor.kt:97)
	at io.kotest.core.internal.TestCaseExecutor.execute(TestCaseExecutor.kt:63)
	at io.kotest.engine.runners.SingleInstanceSpecRunner.runTest(SingleInstanceSpecRunner.kt:73)
	at io.kotest.engine.runners.SingleInstanceSpecRunner$execute$2$invokeSuspend$$inlined$invoke$lambda$1.invokeSuspend(SingleInstanceSpecRunner.kt:83)
	at io.kotest.engine.runners.SingleInstanceSpecRunner$execute$2$invokeSuspend$$inlined$invoke$lambda$1.invoke(SingleInstanceSpecRunner.kt)
	at io.kotest.engine.spec.SpecRunner$runParallel$$inlined$map$lambda$2$1.invokeSuspend(SpecRunner.kt:80)
	at kotlin.coroutines.jvm.internal.BaseContinuationImpl.resumeWith(ContinuationImpl.kt:33)
	at kotlinx.coroutines.DispatchedTask.run(DispatchedTask.kt:56)
	at kotlinx.coroutines.EventLoopImplBase.processNextEvent(EventLoop.common.kt:274)
	at kotlinx.coroutines.BlockingCoroutine.joinBlocking(Builders.kt:84)
	at kotlinx.coroutines.BuildersKt__BuildersKt.runBlocking(Builders.kt:59)
	at kotlinx.coroutines.BuildersKt.runBlocking(Unknown Source)
	at kotlinx.coroutines.BuildersKt__BuildersKt.runBlocking$default(Builders.kt:38)
	at kotlinx.coroutines.BuildersKt.runBlocking$default(Unknown Source)
	at io.kotest.engine.spec.SpecRunner$runParallel$$inlined$map$lambda$2.run(SpecRunner.kt:79)
	at java.base/java.util.concurrent.Executors$RunnableAdapter.call(Executors.java:515)
	at java.base/java.util.concurrent.FutureTask.run(FutureTask.java:264)
	at java.base/java.util.concurrent.ThreadPoolExecutor.runWorker(ThreadPoolExecutor.java:1128)
	at java.base/java.util.concurrent.ThreadPoolExecutor$Worker.run(ThreadPoolExecutor.java:628)
	at java.base/java.lang.Thread.run(Thread.java:834)
</pre>
</span>
</div>
<div class="test">
<a name="тело ответа не пустое"></a>
<h3 class="failures">тело ответа не пустое</h3>
<span class="code">
<pre>java.lang.AssertionError: Expected value to be null, but was not-null.
	at tech.threecrabs.IndexTest$1$2.invokeSuspend(IndexTest.kt:24)
	at tech.threecrabs.IndexTest$1$2.invoke(IndexTest.kt)
	at io.kotest.core.internal.ExecutionsKt$executeWithBehaviours$2$1.invokeSuspend(executions.kt:13)
	at io.kotest.core.internal.ExecutionsKt$executeWithBehaviours$2$1.invoke(executions.kt)
	at io.kotest.core.internal.ExecutionsKt.wrapTestWithGlobalAssert(executions.kt:39)
	at io.kotest.core.internal.ExecutionsKt$executeWithBehaviours$2.invokeSuspend(executions.kt:12)
	at io.kotest.core.internal.ExecutionsKt$executeWithBehaviours$2.invoke(executions.kt)
	at io.kotest.core.internal.ExecutionsKt.wrapTestWithAssertionModeCheck(executions.kt:23)
	at io.kotest.core.internal.ExecutionsKt.executeWithBehaviours(executions.kt:11)
	at io.kotest.core.internal.TestCaseExecutor$executeAndWait$2$1$1$3$1.invokeSuspend(TestCaseExecutor.kt:222)
	at io.kotest.core.internal.TestCaseExecutor$executeAndWait$2$1$1$3$1.invoke(TestCaseExecutor.kt)
	at kotlinx.coroutines.intrinsics.UndispatchedKt.startUndispatchedOrReturn(Undispatched.kt:91)
	at kotlinx.coroutines.CoroutineScopeKt.coroutineScope(CoroutineScope.kt:194)
	at io.kotest.core.internal.TestCaseExecutor$executeAndWait$2$1$1$3.invokeSuspend(TestCaseExecutor.kt:216)
	at io.kotest.core.internal.TestCaseExecutor$executeAndWait$2$1$1$3.invoke(TestCaseExecutor.kt)
	at io.kotest.mpp.ReplayKt.replay(replay.kt:18)
	at io.kotest.core.internal.TestCaseExecutor$executeAndWait$2$1$1.invokeSuspend(TestCaseExecutor.kt:211)
	at io.kotest.core.internal.TestCaseExecutor$executeAndWait$2$1$1.invoke(TestCaseExecutor.kt)
	at kotlinx.coroutines.intrinsics.UndispatchedKt.startUndispatchedOrReturnIgnoreTimeout(Undispatched.kt:102)
	at kotlinx.coroutines.TimeoutKt.setupTimeout(Timeout.kt:120)
	at kotlinx.coroutines.TimeoutKt.withTimeout(Timeout.kt:37)
	at io.kotest.core.internal.TestCaseExecutor$executeAndWait$2$1.invokeSuspend(TestCaseExecutor.kt:210)
	at io.kotest.core.internal.TestCaseExecutor$executeAndWait$2$1.invoke(TestCaseExecutor.kt)
	at io.kotest.engine.ExecutorExecutionContext$executeWithTimeoutInterruption$$inlined$suspendCoroutine$lambda$2.invokeSuspend(ExecutorExecutionContext.kt:56)
	at ???(Coroutine boundary.?(?)
	at io.kotest.core.internal.TestCaseExecutor$executeAndWait$2$1$1$3.invokeSuspend(TestCaseExecutor.kt:216)
	at io.kotest.mpp.ReplayKt.replay(replay.kt:18)
	at io.kotest.core.internal.TestCaseExecutor$executeAndWait$2$1$1.invokeSuspend(TestCaseExecutor.kt:215)
	at io.kotest.core.internal.TestCaseExecutor$executeAndWait$2$1.invokeSuspend(TestCaseExecutor.kt:210)
	at ???(Coroutine creation stacktrace.?(?)
	at kotlin.coroutines.intrinsics.IntrinsicsKt__IntrinsicsJvmKt.createCoroutineUnintercepted(IntrinsicsJvm.kt:122)
	at kotlinx.coroutines.intrinsics.CancellableKt.startCoroutineCancellable(Cancellable.kt:26)
	at kotlinx.coroutines.BuildersKt.runBlocking(Unknown Source)
	at io.kotest.engine.ExecutorExecutionContext.executeWithTimeoutInterruption(ExecutorExecutionContext.kt:55)
	at io.kotest.core.internal.TestCaseExecutor$executeAndWait$2.invokeSuspend(TestCaseExecutor.kt:209)
	at io.kotest.core.internal.TestCaseExecutor$executeAndWait$2.invoke(TestCaseExecutor.kt)
	at kotlinx.coroutines.intrinsics.UndispatchedKt.startUndispatchedOrReturnIgnoreTimeout(Undispatched.kt:102)
	at kotlinx.coroutines.TimeoutKt.withTimeout(Timeout.kt:37)
	at io.kotest.core.internal.TestCaseExecutor.executeAndWait(TestCaseExecutor.kt:207)
	at io.kotest.core.internal.TestCaseExecutor.invokeTestCase(TestCaseExecutor.kt:176)
	at io.kotest.core.internal.TestCaseExecutor.executeActiveTest(TestCaseExecutor.kt:145)
	at io.kotest.core.internal.TestCaseExecutor$intercept$innerExecute$1$1.invokeSuspend(TestCaseExecutor.kt:83)
	at io.kotest.core.internal.TestCaseExecutor$intercept$innerExecute$1$1.invoke(TestCaseExecutor.kt)
	at io.kotest.core.internal.TestCaseExecutor.executeIfActive(TestCaseExecutor.kt:109)
	at io.kotest.core.internal.TestCaseExecutor$intercept$innerExecute$1.invokeSuspend(TestCaseExecutor.kt:83)
	at io.kotest.core.internal.TestCaseExecutor$intercept$innerExecute$1.invoke(TestCaseExecutor.kt)
	at io.kotest.core.internal.TestCaseExecutor$intercept$execute$1$1$1.invokeSuspend(TestCaseExecutor.kt:92)
	at io.kotest.core.internal.TestCaseExecutor$intercept$execute$1$1$1.invoke(TestCaseExecutor.kt)
	at io.micronaut.test.extensions.kotest.MicronautKotestExtension.intercept(MicronautKotestExtension.kt:43)
	at io.kotest.core.internal.TestCaseExecutor$intercept$execute$1$1.invokeSuspend(TestCaseExecutor.kt:88)
	at io.kotest.core.internal.TestCaseExecutor$intercept$execute$1$1.invoke(TestCaseExecutor.kt)
	at io.kotest.core.internal.TestCaseExecutor.intercept(TestCaseExecutor.kt:97)
	at io.kotest.core.internal.TestCaseExecutor.execute(TestCaseExecutor.kt:63)
	at io.kotest.engine.runners.SingleInstanceSpecRunner.runTest(SingleInstanceSpecRunner.kt:73)
	at io.kotest.engine.runners.SingleInstanceSpecRunner$Context.registerTestCase(SingleInstanceSpecRunner.kt:51)
	at io.kotest.core.test.TestContextWithCoroutineContext.registerTestCase(TestContext.kt)
	at io.kotest.core.internal.TestCaseExecutor$executeAndWait$2$1$1$3$1$contextp$1.registerTestCase(TestCaseExecutor.kt:219)
	at io.kotest.core.test.TestContext$DefaultImpls.registerTestCase(TestContext.kt:40)
	at io.kotest.core.internal.TestCaseExecutor$executeAndWait$2$1$1$3$1$contextp$1.registerTestCase(TestCaseExecutor.kt:217)
	at io.kotest.core.spec.style.scopes.ContainerScope$DefaultImpls.addTest(ContainerScope.kt:77)
	at io.kotest.core.spec.style.scopes.FeatureScope.addTest(FeatureScope.kt:25)
	at io.kotest.core.spec.style.scopes.ContainerScope$DefaultImpls.addContainerTest(ContainerScope.kt:56)
	at io.kotest.core.spec.style.scopes.FeatureScope.addContainerTest(FeatureScope.kt:25)
	at io.kotest.core.spec.style.scopes.FeatureScope.scenario(FeatureScope.kt:64)
	at tech.threecrabs.IndexTest$1.invokeSuspend(IndexTest.kt:23)
	at tech.threecrabs.IndexTest$1.invoke(IndexTest.kt)
	at io.kotest.core.spec.style.scopes.FeatureSpecRootScope$addFeature$1.invokeSuspend(FeatureSpecRootScope.kt:20)
	at io.kotest.core.spec.style.scopes.FeatureSpecRootScope$addFeature$1.invoke(FeatureSpecRootScope.kt)
	at io.kotest.core.internal.ExecutionsKt$executeWithBehaviours$2$1.invokeSuspend(executions.kt:13)
	at io.kotest.core.internal.ExecutionsKt$executeWithBehaviours$2$1.invoke(executions.kt)
	at io.kotest.core.internal.ExecutionsKt.wrapTestWithGlobalAssert(executions.kt:39)
	at io.kotest.core.internal.ExecutionsKt$executeWithBehaviours$2.invokeSuspend(executions.kt:12)
	at io.kotest.core.internal.ExecutionsKt$executeWithBehaviours$2.invoke(executions.kt)
	at io.kotest.core.internal.ExecutionsKt.wrapTestWithAssertionModeCheck(executions.kt:23)
	at io.kotest.core.internal.ExecutionsKt.executeWithBehaviours(executions.kt:11)
	at io.kotest.core.internal.TestCaseExecutor$executeAndWait$2$1$1$3$1.invokeSuspend(TestCaseExecutor.kt:222)
	at io.kotest.core.internal.TestCaseExecutor$executeAndWait$2$1$1$3$1.invoke(TestCaseExecutor.kt)
	at kotlinx.coroutines.intrinsics.UndispatchedKt.startUndispatchedOrReturn(Undispatched.kt:91)
	at kotlinx.coroutines.CoroutineScopeKt.coroutineScope(CoroutineScope.kt:194)
	at io.kotest.core.internal.TestCaseExecutor$executeAndWait$2$1$1$3.invokeSuspend(TestCaseExecutor.kt:216)
	at io.kotest.core.internal.TestCaseExecutor$executeAndWait$2$1$1$3.invoke(TestCaseExecutor.kt)
	at io.kotest.mpp.ReplayKt.replay(replay.kt:18)
	at io.kotest.core.internal.TestCaseExecutor$executeAndWait$2$1$1.invokeSuspend(TestCaseExecutor.kt:211)
	at io.kotest.core.internal.TestCaseExecutor$executeAndWait$2$1$1.invoke(TestCaseExecutor.kt)
	at kotlinx.coroutines.intrinsics.UndispatchedKt.startUndispatchedOrReturnIgnoreTimeout(Undispatched.kt:102)
	at kotlinx.coroutines.TimeoutKt.withTimeout(Timeout.kt:37)
	at io.kotest.core.internal.TestCaseExecutor$executeAndWait$2$1.invokeSuspend(TestCaseExecutor.kt:210)
	at io.kotest.core.internal.TestCaseExecutor$executeAndWait$2$1.invoke(TestCaseExecutor.kt)
	at io.kotest.engine.ExecutorExecutionContext$executeWithTimeoutInterruption$$inlined$suspendCoroutine$lambda$2.invokeSuspend(ExecutorExecutionContext.kt:56)
	at kotlin.coroutines.jvm.internal.BaseContinuationImpl.resumeWith(ContinuationImpl.kt:33)
	at kotlinx.coroutines.DispatchedTask.run(DispatchedTask.kt:56)
	at kotlinx.coroutines.BuildersKt.runBlocking(Unknown Source)
	at io.kotest.engine.ExecutorExecutionContext.executeWithTimeoutInterruption(ExecutorExecutionContext.kt:55)
	at io.kotest.core.internal.TestCaseExecutor$executeAndWait$2.invokeSuspend(TestCaseExecutor.kt:209)
	at io.kotest.core.internal.TestCaseExecutor$executeAndWait$2.invoke(TestCaseExecutor.kt)
	at kotlinx.coroutines.intrinsics.UndispatchedKt.startUndispatchedOrReturnIgnoreTimeout(Undispatched.kt:102)
	at kotlinx.coroutines.TimeoutKt.withTimeout(Timeout.kt:37)
	at io.kotest.core.internal.TestCaseExecutor.executeAndWait(TestCaseExecutor.kt:207)
	at io.kotest.core.internal.TestCaseExecutor.invokeTestCase(TestCaseExecutor.kt:176)
	at io.kotest.core.internal.TestCaseExecutor.executeActiveTest(TestCaseExecutor.kt:145)
	at io.kotest.core.internal.TestCaseExecutor$intercept$innerExecute$1$1.invokeSuspend(TestCaseExecutor.kt:83)
	at io.kotest.core.internal.TestCaseExecutor$intercept$innerExecute$1$1.invoke(TestCaseExecutor.kt)
	at io.kotest.core.internal.TestCaseExecutor.executeIfActive(TestCaseExecutor.kt:109)
	at io.kotest.core.internal.TestCaseExecutor$intercept$innerExecute$1.invokeSuspend(TestCaseExecutor.kt:83)
	at io.kotest.core.internal.TestCaseExecutor$intercept$innerExecute$1.invoke(TestCaseExecutor.kt)
	at io.kotest.core.internal.TestCaseExecutor$intercept$execute$1$1$1.invokeSuspend(TestCaseExecutor.kt:92)
	at io.kotest.core.internal.TestCaseExecutor$intercept$execute$1$1$1.invoke(TestCaseExecutor.kt)
	at io.micronaut.test.extensions.kotest.MicronautKotestExtension.intercept(MicronautKotestExtension.kt:43)
	at io.kotest.core.internal.TestCaseExecutor$intercept$execute$1$1.invokeSuspend(TestCaseExecutor.kt:88)
	at io.kotest.core.internal.TestCaseExecutor$intercept$execute$1$1.invoke(TestCaseExecutor.kt)
	at io.kotest.core.internal.TestCaseExecutor.intercept(TestCaseExecutor.kt:97)
	at io.kotest.core.internal.TestCaseExecutor.execute(TestCaseExecutor.kt:63)
	at io.kotest.engine.runners.SingleInstanceSpecRunner.runTest(SingleInstanceSpecRunner.kt:73)
	at io.kotest.engine.runners.SingleInstanceSpecRunner$execute$2$invokeSuspend$$inlined$invoke$lambda$1.invokeSuspend(SingleInstanceSpecRunner.kt:83)
	at io.kotest.engine.runners.SingleInstanceSpecRunner$execute$2$invokeSuspend$$inlined$invoke$lambda$1.invoke(SingleInstanceSpecRunner.kt)
	at io.kotest.engine.spec.SpecRunner$runParallel$$inlined$map$lambda$2$1.invokeSuspend(SpecRunner.kt:80)
	at kotlin.coroutines.jvm.internal.BaseContinuationImpl.resumeWith(ContinuationImpl.kt:33)
	at kotlinx.coroutines.DispatchedTask.run(DispatchedTask.kt:56)
	at kotlinx.coroutines.BuildersKt.runBlocking$default(Unknown Source)
	at io.kotest.engine.spec.SpecRunner$runParallel$$inlined$map$lambda$2.run(SpecRunner.kt:79)
	at java.base/java.util.concurrent.Executors$RunnableAdapter.call(Executors.java:515)
	at java.base/java.util.concurrent.FutureTask.run(FutureTask.java:264)
	at java.base/java.util.concurrent.ThreadPoolExecutor.runWorker(ThreadPoolExecutor.java:1128)
	at java.base/java.util.concurrent.ThreadPoolExecutor$Worker.run(ThreadPoolExecutor.java:628)
	at java.base/java.lang.Thread.run(Thread.java:834)
	at io.kotest.core.internal.TestCaseExecutor.executeAndWait(TestCaseExecutor.kt:207)
	at io.kotest.core.internal.TestCaseExecutor.invokeTestCase(TestCaseExecutor.kt:176)
	at io.kotest.core.internal.TestCaseExecutor.executeActiveTest(TestCaseExecutor.kt:145)
	at io.kotest.core.internal.TestCaseExecutor$intercept$innerExecute$1$1.invokeSuspend(TestCaseExecutor.kt:83)
	at io.kotest.core.internal.TestCaseExecutor.executeIfActive(TestCaseExecutor.kt:109)
	at io.kotest.core.internal.TestCaseExecutor$intercept$innerExecute$1.invokeSuspend(TestCaseExecutor.kt:83)
	at io.kotest.core.internal.TestCaseExecutor$intercept$execute$1$1$1.invokeSuspend(TestCaseExecutor.kt:92)
	at io.micronaut.test.extensions.kotest.MicronautKotestExtension.intercept(MicronautKotestExtension.kt:43)
	at io.kotest.core.internal.TestCaseExecutor$intercept$execute$1$1.invokeSuspend(TestCaseExecutor.kt:88)
	at io.kotest.core.internal.TestCaseExecutor.execute(TestCaseExecutor.kt:63)
	at io.kotest.engine.runners.SingleInstanceSpecRunner.runTest(SingleInstanceSpecRunner.kt:73)
	at tech.threecrabs.IndexTest$1.invokeSuspend(IndexTest.kt:23)
	at io.kotest.core.spec.style.scopes.FeatureSpecRootScope$addFeature$1.invokeSuspend(FeatureSpecRootScope.kt:20)
	at io.kotest.core.internal.ExecutionsKt$executeWithBehaviours$2$1.invokeSuspend(executions.kt:13)
	at io.kotest.core.internal.ExecutionsKt.wrapTestWithGlobalAssert(executions.kt:39)
	at io.kotest.core.internal.ExecutionsKt$executeWithBehaviours$2.invokeSuspend(executions.kt:12)
	at io.kotest.core.internal.ExecutionsKt.wrapTestWithAssertionModeCheck(executions.kt:23)
	at io.kotest.core.internal.TestCaseExecutor$executeAndWait$2$1$1$3$1.invokeSuspend(TestCaseExecutor.kt:222)
Caused by: java.lang.AssertionError: Expected value to be null, but was not-null.
	at tech.threecrabs.IndexTest$1$2.invokeSuspend(IndexTest.kt:24)
	at tech.threecrabs.IndexTest$1$2.invoke(IndexTest.kt)
	at io.kotest.core.internal.ExecutionsKt$executeWithBehaviours$2$1.invokeSuspend(executions.kt:13)
	at io.kotest.core.internal.ExecutionsKt$executeWithBehaviours$2$1.invoke(executions.kt)
	at io.kotest.core.internal.ExecutionsKt.wrapTestWithGlobalAssert(executions.kt:39)
	at io.kotest.core.internal.ExecutionsKt$executeWithBehaviours$2.invokeSuspend(executions.kt:12)
	at io.kotest.core.internal.ExecutionsKt$executeWithBehaviours$2.invoke(executions.kt)
	at io.kotest.core.internal.ExecutionsKt.wrapTestWithAssertionModeCheck(executions.kt:23)
	at io.kotest.core.internal.ExecutionsKt.executeWithBehaviours(executions.kt:11)
	at io.kotest.core.internal.TestCaseExecutor$executeAndWait$2$1$1$3$1.invokeSuspend(TestCaseExecutor.kt:222)
	at io.kotest.core.internal.TestCaseExecutor$executeAndWait$2$1$1$3$1.invoke(TestCaseExecutor.kt)
	at kotlinx.coroutines.intrinsics.UndispatchedKt.startUndispatchedOrReturn(Undispatched.kt:91)
	at kotlinx.coroutines.CoroutineScopeKt.coroutineScope(CoroutineScope.kt:194)
	at io.kotest.core.internal.TestCaseExecutor$executeAndWait$2$1$1$3.invokeSuspend(TestCaseExecutor.kt:216)
	at io.kotest.core.internal.TestCaseExecutor$executeAndWait$2$1$1$3.invoke(TestCaseExecutor.kt)
	at io.kotest.mpp.ReplayKt.replay(replay.kt:18)
	at io.kotest.core.internal.TestCaseExecutor$executeAndWait$2$1$1.invokeSuspend(TestCaseExecutor.kt:211)
	at io.kotest.core.internal.TestCaseExecutor$executeAndWait$2$1$1.invoke(TestCaseExecutor.kt)
	at kotlinx.coroutines.intrinsics.UndispatchedKt.startUndispatchedOrReturnIgnoreTimeout(Undispatched.kt:102)
	at kotlinx.coroutines.TimeoutKt.setupTimeout(Timeout.kt:120)
	at kotlinx.coroutines.TimeoutKt.withTimeout(Timeout.kt:37)
	at io.kotest.core.internal.TestCaseExecutor$executeAndWait$2$1.invokeSuspend(TestCaseExecutor.kt:210)
	at io.kotest.core.internal.TestCaseExecutor$executeAndWait$2$1.invoke(TestCaseExecutor.kt)
	at io.kotest.engine.ExecutorExecutionContext$executeWithTimeoutInterruption$$inlined$suspendCoroutine$lambda$2.invokeSuspend(ExecutorExecutionContext.kt:56)
	at kotlin.coroutines.jvm.internal.BaseContinuationImpl.resumeWith(ContinuationImpl.kt:33)
	at kotlinx.coroutines.DispatchedTask.run(DispatchedTask.kt:56)
	at kotlinx.coroutines.EventLoopImplBase.processNextEvent(EventLoop.common.kt:274)
	at kotlinx.coroutines.BlockingCoroutine.joinBlocking(Builders.kt:84)
	at kotlinx.coroutines.BuildersKt__BuildersKt.runBlocking(Builders.kt:59)
	at kotlinx.coroutines.BuildersKt.runBlocking(Unknown Source)
	at io.kotest.engine.ExecutorExecutionContext.executeWithTimeoutInterruption(ExecutorExecutionContext.kt:55)
	at io.kotest.core.internal.TestCaseExecutor$executeAndWait$2.invokeSuspend(TestCaseExecutor.kt:209)
	at io.kotest.core.internal.TestCaseExecutor$executeAndWait$2.invoke(TestCaseExecutor.kt)
	at kotlinx.coroutines.intrinsics.UndispatchedKt.startUndispatchedOrReturnIgnoreTimeout(Undispatched.kt:102)
	at kotlinx.coroutines.TimeoutKt.setupTimeout(Timeout.kt:120)
	at kotlinx.coroutines.TimeoutKt.withTimeout(Timeout.kt:37)
	at io.kotest.core.internal.TestCaseExecutor.executeAndWait(TestCaseExecutor.kt:207)
	at io.kotest.core.internal.TestCaseExecutor.invokeTestCase(TestCaseExecutor.kt:176)
	at io.kotest.core.internal.TestCaseExecutor.executeActiveTest(TestCaseExecutor.kt:145)
	at io.kotest.core.internal.TestCaseExecutor$intercept$innerExecute$1$1.invokeSuspend(TestCaseExecutor.kt:83)
	at io.kotest.core.internal.TestCaseExecutor$intercept$innerExecute$1$1.invoke(TestCaseExecutor.kt)
	at io.kotest.core.internal.TestCaseExecutor.executeIfActive(TestCaseExecutor.kt:109)
	at io.kotest.core.internal.TestCaseExecutor$intercept$innerExecute$1.invokeSuspend(TestCaseExecutor.kt:83)
	at io.kotest.core.internal.TestCaseExecutor$intercept$innerExecute$1.invoke(TestCaseExecutor.kt)
	at io.kotest.core.internal.TestCaseExecutor$intercept$execute$1$1$1.invokeSuspend(TestCaseExecutor.kt:92)
	at io.kotest.core.internal.TestCaseExecutor$intercept$execute$1$1$1.invoke(TestCaseExecutor.kt)
	at io.micronaut.test.extensions.kotest.MicronautKotestExtension.intercept(MicronautKotestExtension.kt:43)
	at io.kotest.core.internal.TestCaseExecutor$intercept$execute$1$1.invokeSuspend(TestCaseExecutor.kt:88)
	at io.kotest.core.internal.TestCaseExecutor$intercept$execute$1$1.invoke(TestCaseExecutor.kt)
	at io.kotest.core.internal.TestCaseExecutor.intercept(TestCaseExecutor.kt:97)
	at io.kotest.core.internal.TestCaseExecutor.execute(TestCaseExecutor.kt:63)
	at io.kotest.engine.runners.SingleInstanceSpecRunner.runTest(SingleInstanceSpecRunner.kt:73)
	at io.kotest.engine.runners.SingleInstanceSpecRunner$Context.registerTestCase(SingleInstanceSpecRunner.kt:51)
	at io.kotest.core.test.TestContextWithCoroutineContext.registerTestCase(TestContext.kt)
	at io.kotest.core.internal.TestCaseExecutor$executeAndWait$2$1$1$3$1$contextp$1.registerTestCase(TestCaseExecutor.kt:219)
	at io.kotest.core.test.TestContext$DefaultImpls.registerTestCase(TestContext.kt:40)
	at io.kotest.core.internal.TestCaseExecutor$executeAndWait$2$1$1$3$1$contextp$1.registerTestCase(TestCaseExecutor.kt:217)
	at io.kotest.core.spec.style.scopes.ContainerScope$DefaultImpls.addTest(ContainerScope.kt:77)
	at io.kotest.core.spec.style.scopes.FeatureScope.addTest(FeatureScope.kt:25)
	at io.kotest.core.spec.style.scopes.ContainerScope$DefaultImpls.addContainerTest(ContainerScope.kt:56)
	at io.kotest.core.spec.style.scopes.FeatureScope.addContainerTest(FeatureScope.kt:25)
	at io.kotest.core.spec.style.scopes.FeatureScope.scenario(FeatureScope.kt:64)
	at tech.threecrabs.IndexTest$1.invokeSuspend(IndexTest.kt:23)
	at tech.threecrabs.IndexTest$1.invoke(IndexTest.kt)
	at io.kotest.core.spec.style.scopes.FeatureSpecRootScope$addFeature$1.invokeSuspend(FeatureSpecRootScope.kt:20)
	at io.kotest.core.spec.style.scopes.FeatureSpecRootScope$addFeature$1.invoke(FeatureSpecRootScope.kt)
	at io.kotest.core.internal.ExecutionsKt$executeWithBehaviours$2$1.invokeSuspend(executions.kt:13)
	at io.kotest.core.internal.ExecutionsKt$executeWithBehaviours$2$1.invoke(executions.kt)
	at io.kotest.core.internal.ExecutionsKt.wrapTestWithGlobalAssert(executions.kt:39)
	at io.kotest.core.internal.ExecutionsKt$executeWithBehaviours$2.invokeSuspend(executions.kt:12)
	at io.kotest.core.internal.ExecutionsKt$executeWithBehaviours$2.invoke(executions.kt)
	at io.kotest.core.internal.ExecutionsKt.wrapTestWithAssertionModeCheck(executions.kt:23)
	at io.kotest.core.internal.ExecutionsKt.executeWithBehaviours(executions.kt:11)
	at io.kotest.core.internal.TestCaseExecutor$executeAndWait$2$1$1$3$1.invokeSuspend(TestCaseExecutor.kt:222)
	at io.kotest.core.internal.TestCaseExecutor$executeAndWait$2$1$1$3$1.invoke(TestCaseExecutor.kt)
	at kotlinx.coroutines.intrinsics.UndispatchedKt.startUndispatchedOrReturn(Undispatched.kt:91)
	at kotlinx.coroutines.CoroutineScopeKt.coroutineScope(CoroutineScope.kt:194)
	at io.kotest.core.internal.TestCaseExecutor$executeAndWait$2$1$1$3.invokeSuspend(TestCaseExecutor.kt:216)
	at io.kotest.core.internal.TestCaseExecutor$executeAndWait$2$1$1$3.invoke(TestCaseExecutor.kt)
	at io.kotest.mpp.ReplayKt.replay(replay.kt:18)
	at io.kotest.core.internal.TestCaseExecutor$executeAndWait$2$1$1.invokeSuspend(TestCaseExecutor.kt:211)
	at io.kotest.core.internal.TestCaseExecutor$executeAndWait$2$1$1.invoke(TestCaseExecutor.kt)
	at kotlinx.coroutines.intrinsics.UndispatchedKt.startUndispatchedOrReturnIgnoreTimeout(Undispatched.kt:102)
	at kotlinx.coroutines.TimeoutKt.setupTimeout(Timeout.kt:120)
	at kotlinx.coroutines.TimeoutKt.withTimeout(Timeout.kt:37)
	at io.kotest.core.internal.TestCaseExecutor$executeAndWait$2$1.invokeSuspend(TestCaseExecutor.kt:210)
	at io.kotest.core.internal.TestCaseExecutor$executeAndWait$2$1.invoke(TestCaseExecutor.kt)
	at io.kotest.engine.ExecutorExecutionContext$executeWithTimeoutInterruption$$inlined$suspendCoroutine$lambda$2.invokeSuspend(ExecutorExecutionContext.kt:56)
	at kotlin.coroutines.jvm.internal.BaseContinuationImpl.resumeWith(ContinuationImpl.kt:33)
	at kotlinx.coroutines.DispatchedTask.run(DispatchedTask.kt:56)
	at kotlinx.coroutines.EventLoopImplBase.processNextEvent(EventLoop.common.kt:274)
	at kotlinx.coroutines.BlockingCoroutine.joinBlocking(Builders.kt:84)
	at kotlinx.coroutines.BuildersKt__BuildersKt.runBlocking(Builders.kt:59)
	at kotlinx.coroutines.BuildersKt.runBlocking(Unknown Source)
	at io.kotest.engine.ExecutorExecutionContext.executeWithTimeoutInterruption(ExecutorExecutionContext.kt:55)
	at io.kotest.core.internal.TestCaseExecutor$executeAndWait$2.invokeSuspend(TestCaseExecutor.kt:209)
	at io.kotest.core.internal.TestCaseExecutor$executeAndWait$2.invoke(TestCaseExecutor.kt)
	at kotlinx.coroutines.intrinsics.UndispatchedKt.startUndispatchedOrReturnIgnoreTimeout(Undispatched.kt:102)
	at kotlinx.coroutines.TimeoutKt.setupTimeout(Timeout.kt:120)
	at kotlinx.coroutines.TimeoutKt.withTimeout(Timeout.kt:37)
	at io.kotest.core.internal.TestCaseExecutor.executeAndWait(TestCaseExecutor.kt:207)
	at io.kotest.core.internal.TestCaseExecutor.invokeTestCase(TestCaseExecutor.kt:176)
	at io.kotest.core.internal.TestCaseExecutor.executeActiveTest(TestCaseExecutor.kt:145)
	at io.kotest.core.internal.TestCaseExecutor$intercept$innerExecute$1$1.invokeSuspend(TestCaseExecutor.kt:83)
	at io.kotest.core.internal.TestCaseExecutor$intercept$innerExecute$1$1.invoke(TestCaseExecutor.kt)
	at io.kotest.core.internal.TestCaseExecutor.executeIfActive(TestCaseExecutor.kt:109)
	at io.kotest.core.internal.TestCaseExecutor$intercept$innerExecute$1.invokeSuspend(TestCaseExecutor.kt:83)
	at io.kotest.core.internal.TestCaseExecutor$intercept$innerExecute$1.invoke(TestCaseExecutor.kt)
	at io.kotest.core.internal.TestCaseExecutor$intercept$execute$1$1$1.invokeSuspend(TestCaseExecutor.kt:92)
	at io.kotest.core.internal.TestCaseExecutor$intercept$execute$1$1$1.invoke(TestCaseExecutor.kt)
	at io.micronaut.test.extensions.kotest.MicronautKotestExtension.intercept(MicronautKotestExtension.kt:43)
	at io.kotest.core.internal.TestCaseExecutor$intercept$execute$1$1.invokeSuspend(TestCaseExecutor.kt:88)
	at io.kotest.core.internal.TestCaseExecutor$intercept$execute$1$1.invoke(TestCaseExecutor.kt)
	at io.kotest.core.internal.TestCaseExecutor.intercept(TestCaseExecutor.kt:97)
	at io.kotest.core.internal.TestCaseExecutor.execute(TestCaseExecutor.kt:63)
	at io.kotest.engine.runners.SingleInstanceSpecRunner.runTest(SingleInstanceSpecRunner.kt:73)
	at io.kotest.engine.runners.SingleInstanceSpecRunner$execute$2$invokeSuspend$$inlined$invoke$lambda$1.invokeSuspend(SingleInstanceSpecRunner.kt:83)
	at io.kotest.engine.runners.SingleInstanceSpecRunner$execute$2$invokeSuspend$$inlined$invoke$lambda$1.invoke(SingleInstanceSpecRunner.kt)
	at io.kotest.engine.spec.SpecRunner$runParallel$$inlined$map$lambda$2$1.invokeSuspend(SpecRunner.kt:80)
	at kotlin.coroutines.jvm.internal.BaseContinuationImpl.resumeWith(ContinuationImpl.kt:33)
	at kotlinx.coroutines.DispatchedTask.run(DispatchedTask.kt:56)
	at kotlinx.coroutines.EventLoopImplBase.processNextEvent(EventLoop.common.kt:274)
	at kotlinx.coroutines.BlockingCoroutine.joinBlocking(Builders.kt:84)
	at kotlinx.coroutines.BuildersKt__BuildersKt.runBlocking(Builders.kt:59)
	at kotlinx.coroutines.BuildersKt.runBlocking(Unknown Source)
	at kotlinx.coroutines.BuildersKt__BuildersKt.runBlocking$default(Builders.kt:38)
	at kotlinx.coroutines.BuildersKt.runBlocking$default(Unknown Source)
	at io.kotest.engine.spec.SpecRunner$runParallel$$inlined$map$lambda$2.run(SpecRunner.kt:79)
	at java.base/java.util.concurrent.Executors$RunnableAdapter.call(Executors.java:515)
	at java.base/java.util.concurrent.FutureTask.run(FutureTask.java:264)
	at java.base/java.util.concurrent.ThreadPoolExecutor.runWorker(ThreadPoolExecutor.java:1128)
	at java.base/java.util.concurrent.ThreadPoolExecutor$Worker.run(ThreadPoolExecutor.java:628)
	at java.base/java.lang.Thread.run(Thread.java:834)
</pre>
</span>
</div>
</div>
<div id="tab1" class="tab">
<h2>Tests</h2>
<table>
<thead>
<tr>
<th>Test</th>
<th>Duration</th>
<th>Result</th>
</tr>
</thead>
<tr>
<td class="success">главная страница</td>
<td class="success">1.318s</td>
<td class="success">passed</td>
</tr>
<tr>
<td class="failures">есть ссылка на rapidoc документацию</td>
<td class="failures">0.036s</td>
<td class="failures">failed</td>
</tr>
<tr>
<td class="failures">есть ссылка на redoc документацию</td>
<td class="failures">0.033s</td>
<td class="failures">failed</td>
</tr>
<tr>
<td class="failures">есть ссылка на swagger документацию</td>
<td class="failures">0.060s</td>
<td class="failures">failed</td>
</tr>
<tr>
<td class="failures">существует</td>
<td class="failures">0.854s</td>
<td class="failures">failed</td>
</tr>
<tr>
<td class="failures">тело ответа не пустое</td>
<td class="failures">0.066s</td>
<td class="failures">failed</td>
</tr>
</table>
</div>
<div id="tab2" class="tab">
<h2>Standard output</h2>
<span class="code">
<pre>?[36m22:00:22.187?[0;39m ?[1;30m[kotest-engine-0 @coroutine#3]?[0;39m ?[34mINFO ?[0;39m ?[35mi.m.context.env.DefaultEnvironment?[0;39m - Established active environments: [test]
</pre>
</span>
</div>
</div>
<div id="footer">
<p>
<div>
<label class="hidden" id="label-for-line-wrapping-toggle" for="line-wrapping-toggle">Wrap lines
<input id="line-wrapping-toggle" type="checkbox" autocomplete="off"/>
</label>
</div>Generated by 
<a href="http://www.gradle.org">Gradle 6.7</a> at 3 дек. 2020 г., 22:00:24</p>
</div>
</div>
</body>
</html>
